2025-07-09 07:05:19,086 INFO [32mPFPLStrategy initialised with {'mode': 'both', 'testnet': False, 'target_symbol': 'BTC-PERP', 'fair_feed': 'indexPrices', 'spread_threshold': 0.05, 'threshold': 1.0, 'threshold_pct': 0.03, 'cooldown_sec': 1.0, 'max_order_per_sec': 3, 'order_usd': 10, 'max_position_usd': 100, 'min_usd': 5, 'dry_run': False, 'log_level': 'INFO', 'heartbeat_sec': 30}[0m
2025-07-09 07:05:19,086 WARNING [33mWS not ready; skip subscribe(indexPrices)[0m
2025-07-09 07:05:19,087 WARNING [33mWS not ready; skip subscribe(allMids)[0m
2025-07-09 07:05:19,204 DEBUG https://api.hyperliquid.xyz:443 "POST /info HTTP/1.1" 200 309
2025-07-09 07:05:19,205 DEBUG pos_usd refreshed: 0.00
2025-07-09 07:05:19,250 DEBUG https://api.hyperliquid.xyz:443 "POST /info HTTP/1.1" 200 309
2025-07-09 07:05:19,250 DEBUG pos_usd refreshed: 0.00
2025-07-09 07:05:19,286 DEBUG https://api.hyperliquid.xyz:443 "POST /info HTTP/1.1" 200 309
2025-07-09 07:05:19,287 DEBUG pos_usd refreshed: 0.00
2025-07-09 07:05:19,344 DEBUG = connection is CONNECTING
2025-07-09 07:05:19,381 DEBUG > GET /ws HTTP/1.1
2025-07-09 07:05:19,382 DEBUG > Host: api.hyperliquid.xyz
2025-07-09 07:05:19,382 DEBUG > Upgrade: websocket
2025-07-09 07:05:19,382 DEBUG > Connection: Upgrade
2025-07-09 07:05:19,382 DEBUG > Sec-WebSocket-Key: mVCkqO1y8uAlyClPzKO7Nw==
2025-07-09 07:05:19,382 DEBUG > Sec-WebSocket-Version: 13
2025-07-09 07:05:19,382 DEBUG > Sec-WebSocket-Extensions: permessage-deflate; client_max_window_bits
2025-07-09 07:05:19,382 DEBUG > User-Agent: Python/3.13 websockets/15.0.1
2025-07-09 07:05:19,450 DEBUG < HTTP/1.1 101 Switching Protocols
2025-07-09 07:05:19,450 DEBUG < Connection: upgrade
2025-07-09 07:05:19,451 DEBUG < Server: nginx/1.22.1
2025-07-09 07:05:19,451 DEBUG < Date: Wed, 09 Jul 2025 07:05:19 GMT
2025-07-09 07:05:19,451 DEBUG < upgrade: websocket
2025-07-09 07:05:19,451 DEBUG < sec-websocket-accept: PflP41cQOUKuH0rUFVh+1xr8gCQ=
2025-07-09 07:05:19,452 DEBUG < access-control-allow-origin: *
2025-07-09 07:05:19,452 DEBUG < vary: origin
2025-07-09 07:05:19,452 DEBUG < vary: access-control-request-method
2025-07-09 07:05:19,452 DEBUG < vary: access-control-request-headers
2025-07-09 07:05:19,453 DEBUG < access-control-expose-headers: *
2025-07-09 07:05:19,453 DEBUG < X-Cache: Miss from cloudfront
2025-07-09 07:05:19,453 DEBUG < Via: 1.1 9bc19afe05bcec836f71bbbd15ca2c6c.cloudfront.net (CloudFront)
2025-07-09 07:05:19,453 DEBUG < X-Amz-Cf-Pop: KIX50-P1
2025-07-09 07:05:19,454 DEBUG < X-Amz-Cf-Id: 9cDg1Qk_OphWGj_7QWstyjQVyz2YpKgZpwHqk8TmQj-XYgwx6yzaWw==
2025-07-09 07:05:19,454 DEBUG = connection is OPEN
2025-07-09 07:05:19,454 INFO [32mWS connected[0m
2025-07-09 07:05:39,464 DEBUG > PING ae 57 31 b4 [binary, 4 bytes]
2025-07-09 07:05:39,464 DEBUG % sent keepalive ping
2025-07-09 07:05:39,487 DEBUG < PONG ae 57 31 b4 [binary, 4 bytes]
2025-07-09 07:05:39,488 DEBUG % received keepalive pong
2025-07-09 07:05:49,473 DEBUG > TEXT '{"type":"hb"}' [13 bytes]
2025-07-09 07:05:49,499 DEBUG < TEXT '{"channel":"error","data":"Error parsing JSON i...{\\"type\\":\\"hb\\"}"}' [95 bytes]
2025-07-09 07:05:59,478 DEBUG > PING 'ߡwM' [text, 4 bytes]
2025-07-09 07:05:59,480 DEBUG % sent keepalive ping
2025-07-09 07:05:59,502 DEBUG < PONG 'ߡwM' [text, 4 bytes]
2025-07-09 07:05:59,502 DEBUG % received keepalive pong
2025-07-09 07:06:19,477 DEBUG < CLOSE 1000 (OK) Inactive [10 bytes]
2025-07-09 07:06:19,477 DEBUG > CLOSE 1000 (OK) Inactive [10 bytes]
2025-07-09 07:06:19,477 DEBUG = connection is CLOSING
2025-07-09 07:06:19,478 DEBUG < EOF
2025-07-09 07:06:19,478 DEBUG > EOF
2025-07-09 07:06:19,478 DEBUG = connection is CLOSED
2025-07-09 07:06:19,478 DEBUG x closing TCP connection
2025-07-09 07:06:22,530 DEBUG = connection is CONNECTING
2025-07-09 07:06:22,574 DEBUG > GET /ws HTTP/1.1
2025-07-09 07:06:22,574 DEBUG > Host: api.hyperliquid.xyz
2025-07-09 07:06:22,574 DEBUG > Upgrade: websocket
2025-07-09 07:06:22,574 DEBUG > Connection: Upgrade
2025-07-09 07:06:22,574 DEBUG > Sec-WebSocket-Key: vLX5AFIwXU2/0hYzGkwC/A==
2025-07-09 07:06:22,574 DEBUG > Sec-WebSocket-Version: 13
2025-07-09 07:06:22,574 DEBUG > Sec-WebSocket-Extensions: permessage-deflate; client_max_window_bits
2025-07-09 07:06:22,574 DEBUG > User-Agent: Python/3.13 websockets/15.0.1
2025-07-09 07:06:22,624 DEBUG < HTTP/1.1 101 Switching Protocols
2025-07-09 07:06:22,624 DEBUG < Connection: upgrade
2025-07-09 07:06:22,625 DEBUG < Server: nginx/1.22.1
2025-07-09 07:06:22,625 DEBUG < Date: Wed, 09 Jul 2025 07:06:22 GMT
2025-07-09 07:06:22,625 DEBUG < upgrade: websocket
2025-07-09 07:06:22,625 DEBUG < sec-websocket-accept: +72CiTe7YMgzv+1VTBFPktwpdys=
2025-07-09 07:06:22,625 DEBUG < access-control-allow-origin: *
2025-07-09 07:06:22,626 DEBUG < vary: origin
2025-07-09 07:06:22,626 DEBUG < vary: access-control-request-method
2025-07-09 07:06:22,626 DEBUG < vary: access-control-request-headers
2025-07-09 07:06:22,626 DEBUG < access-control-expose-headers: *
2025-07-09 07:06:22,626 DEBUG < X-Cache: Miss from cloudfront
2025-07-09 07:06:22,626 DEBUG < Via: 1.1 ce42e8f152fd31d092f30fd114a00a40.cloudfront.net (CloudFront)
2025-07-09 07:06:22,626 DEBUG < X-Amz-Cf-Pop: KIX50-P1
2025-07-09 07:06:22,627 DEBUG < X-Amz-Cf-Id: 98cTSqHnBHxiQ0A7SYDstVqmD2VmqA4srp8Mmz4z614Aqfzfa4Lw9g==
2025-07-09 07:06:22,627 DEBUG = connection is OPEN
2025-07-09 07:06:22,627 INFO [32mWS connected[0m
2025-07-09 07:06:42,639 DEBUG > PING a7 2b 64 a9 [binary, 4 bytes]
2025-07-09 07:06:42,639 DEBUG % sent keepalive ping
2025-07-09 07:06:42,680 DEBUG < PONG a7 2b 64 a9 [binary, 4 bytes]
2025-07-09 07:06:42,681 DEBUG % received keepalive pong
2025-07-09 07:06:52,642 DEBUG > TEXT '{"type":"hb"}' [13 bytes]
2025-07-09 07:06:52,666 DEBUG < TEXT '{"channel":"error","data":"Error parsing JSON i...{\\"type\\":\\"hb\\"}"}' [95 bytes]
2025-07-09 07:07:02,647 DEBUG > PING db 8a bc f4 [binary, 4 bytes]
2025-07-09 07:07:02,647 DEBUG % sent keepalive ping
2025-07-09 07:07:02,672 DEBUG < PONG db 8a bc f4 [binary, 4 bytes]
2025-07-09 07:07:02,672 DEBUG % received keepalive pong
2025-07-09 07:07:22,652 DEBUG > TEXT '{"type":"hb"}' [13 bytes]
2025-07-09 07:07:22,653 DEBUG > PING ce 16 2a 11 [binary, 4 bytes]
2025-07-09 07:07:22,653 DEBUG % sent keepalive ping
2025-07-09 07:07:22,656 DEBUG < CLOSE 1000 (OK) Inactive [10 bytes]
2025-07-09 07:07:22,656 DEBUG > CLOSE 1000 (OK) Inactive [10 bytes]
2025-07-09 07:07:22,656 DEBUG = connection is CLOSING
2025-07-09 07:07:22,657 DEBUG < EOF
2025-07-09 07:07:22,657 DEBUG > EOF
2025-07-09 07:07:22,657 DEBUG = connection is CLOSED
2025-07-09 07:07:22,657 DEBUG x closing TCP connection
2025-07-09 07:07:25,717 DEBUG = connection is CONNECTING
2025-07-09 07:07:25,747 DEBUG > GET /ws HTTP/1.1
2025-07-09 07:07:25,747 DEBUG > Host: api.hyperliquid.xyz
2025-07-09 07:07:25,748 DEBUG > Upgrade: websocket
2025-07-09 07:07:25,748 DEBUG > Connection: Upgrade
2025-07-09 07:07:25,748 DEBUG > Sec-WebSocket-Key: xFfuKqVhIBoP8AsMW/Fx5g==
2025-07-09 07:07:25,748 DEBUG > Sec-WebSocket-Version: 13
2025-07-09 07:07:25,748 DEBUG > Sec-WebSocket-Extensions: permessage-deflate; client_max_window_bits
2025-07-09 07:07:25,748 DEBUG > User-Agent: Python/3.13 websockets/15.0.1
2025-07-09 07:07:25,796 DEBUG < HTTP/1.1 101 Switching Protocols
2025-07-09 07:07:25,797 DEBUG < Connection: upgrade
2025-07-09 07:07:25,797 DEBUG < Server: nginx/1.22.1
2025-07-09 07:07:25,797 DEBUG < Date: Wed, 09 Jul 2025 07:07:25 GMT
2025-07-09 07:07:25,797 DEBUG < upgrade: websocket
2025-07-09 07:07:25,798 DEBUG < sec-websocket-accept: QCXTs8YaFQTdv17hSitbPafARYA=
2025-07-09 07:07:25,798 DEBUG < access-control-allow-origin: *
2025-07-09 07:07:25,798 DEBUG < vary: origin
2025-07-09 07:07:25,798 DEBUG < vary: access-control-request-method
2025-07-09 07:07:25,798 DEBUG < vary: access-control-request-headers
2025-07-09 07:07:25,798 DEBUG < access-control-expose-headers: *
2025-07-09 07:07:25,799 DEBUG < X-Cache: Miss from cloudfront
2025-07-09 07:07:25,799 DEBUG < Via: 1.1 cbc9a7ff38c15639868155e5103d538c.cloudfront.net (CloudFront)
2025-07-09 07:07:25,799 DEBUG < X-Amz-Cf-Pop: KIX50-P1
2025-07-09 07:07:25,799 DEBUG < X-Amz-Cf-Id: Fh4H-RA9tTP0JodiirwhXXGLtiqkiCVueYR4EMLWcybVQI6l8H0Lyw==
2025-07-09 07:07:25,799 DEBUG = connection is OPEN
2025-07-09 07:07:25,800 INFO [32mWS connected[0m
2025-07-09 07:07:45,811 DEBUG > PING ff 13 c3 2d [binary, 4 bytes]
2025-07-09 07:07:45,812 DEBUG % sent keepalive ping
2025-07-09 07:07:45,835 DEBUG < PONG ff 13 c3 2d [binary, 4 bytes]
2025-07-09 07:07:45,836 DEBUG % received keepalive pong
2025-07-09 07:07:55,815 DEBUG > TEXT '{"type":"hb"}' [13 bytes]
2025-07-09 07:07:55,838 DEBUG < TEXT '{"channel":"error","data":"Error parsing JSON i...{\\"type\\":\\"hb\\"}"}' [95 bytes]
2025-07-09 07:08:05,822 DEBUG > PING 4d 00 1b 85 [binary, 4 bytes]
2025-07-09 07:08:05,823 DEBUG % sent keepalive ping
2025-07-09 07:08:05,860 DEBUG < PONG 4d 00 1b 85 [binary, 4 bytes]
2025-07-09 07:08:05,861 DEBUG % received keepalive pong
2025-07-09 07:08:25,818 DEBUG > TEXT '{"type":"hb"}' [13 bytes]
2025-07-09 07:08:25,833 DEBUG > PING f7 44 35 33 [binary, 4 bytes]
2025-07-09 07:08:25,834 DEBUG % sent keepalive ping
2025-07-09 07:08:25,841 DEBUG < TEXT '{"channel":"error","data":"Error parsing JSON i...{\\"type\\":\\"hb\\"}"}' [95 bytes]
2025-07-09 07:08:25,868 DEBUG < PONG f7 44 35 33 [binary, 4 bytes]
2025-07-09 07:08:25,869 DEBUG % received keepalive pong
2025-07-09 07:08:25,886 DEBUG < CLOSE 1000 (OK) Inactive [10 bytes]
2025-07-09 07:08:25,886 DEBUG > CLOSE 1000 (OK) Inactive [10 bytes]
2025-07-09 07:08:25,886 DEBUG = connection is CLOSING
2025-07-09 07:08:25,886 DEBUG < EOF
2025-07-09 07:08:25,886 DEBUG > EOF
2025-07-09 07:08:25,887 DEBUG = connection is CLOSED
2025-07-09 07:08:25,887 DEBUG x closing TCP connection
2025-07-09 07:08:28,935 DEBUG = connection is CONNECTING
2025-07-09 07:08:28,978 DEBUG > GET /ws HTTP/1.1
2025-07-09 07:08:28,978 DEBUG > Host: api.hyperliquid.xyz
2025-07-09 07:08:28,978 DEBUG > Upgrade: websocket
2025-07-09 07:08:28,978 DEBUG > Connection: Upgrade
2025-07-09 07:08:28,978 DEBUG > Sec-WebSocket-Key: rg2EtJkFh1brdNPeSOuqbw==
2025-07-09 07:08:28,978 DEBUG > Sec-WebSocket-Version: 13
2025-07-09 07:08:28,978 DEBUG > Sec-WebSocket-Extensions: permessage-deflate; client_max_window_bits
2025-07-09 07:08:28,978 DEBUG > User-Agent: Python/3.13 websockets/15.0.1
2025-07-09 07:08:29,037 DEBUG < HTTP/1.1 101 Switching Protocols
2025-07-09 07:08:29,037 DEBUG < Connection: upgrade
2025-07-09 07:08:29,037 DEBUG < Server: nginx/1.22.1
2025-07-09 07:08:29,037 DEBUG < Date: Wed, 09 Jul 2025 07:08:29 GMT
2025-07-09 07:08:29,037 DEBUG < upgrade: websocket
2025-07-09 07:08:29,037 DEBUG < sec-websocket-accept: Q4mEdvUWALNV6AjBHJ+dnoevP+g=
2025-07-09 07:08:29,037 DEBUG < access-control-allow-origin: *
2025-07-09 07:08:29,037 DEBUG < vary: origin
2025-07-09 07:08:29,038 DEBUG < vary: access-control-request-method
2025-07-09 07:08:29,038 DEBUG < vary: access-control-request-headers
2025-07-09 07:08:29,038 DEBUG < access-control-expose-headers: *
2025-07-09 07:08:29,038 DEBUG < X-Cache: Miss from cloudfront
2025-07-09 07:08:29,038 DEBUG < Via: 1.1 e59ad961fafd0e8c53edb2b51aa71a50.cloudfront.net (CloudFront)
2025-07-09 07:08:29,038 DEBUG < X-Amz-Cf-Pop: KIX50-P1
2025-07-09 07:08:29,038 DEBUG < X-Amz-Cf-Id: 6l2nDp7_m6_jDvB-84v-RjrpDEkfB5VfOu_5_wxdSZw1bN36DksoBg==
2025-07-09 07:08:29,038 DEBUG = connection is OPEN
2025-07-09 07:08:29,039 INFO [32mWS connected[0m
2025-07-09 07:08:49,051 DEBUG > PING '\u0604\x12\x06' [text, 4 bytes]
2025-07-09 07:08:49,053 DEBUG % sent keepalive ping
2025-07-09 07:08:49,076 DEBUG < PONG '\u0604\x12\x06' [text, 4 bytes]
2025-07-09 07:08:49,076 DEBUG % received keepalive pong
2025-07-09 07:08:59,041 DEBUG > TEXT '{"type":"hb"}' [13 bytes]
2025-07-09 07:08:59,081 DEBUG < TEXT '{"channel":"error","data":"Error parsing JSON i...{\\"type\\":\\"hb\\"}"}' [95 bytes]
2025-07-09 07:09:09,055 DEBUG > PING 86 05 e0 46 [binary, 4 bytes]
2025-07-09 07:09:09,056 DEBUG % sent keepalive ping
2025-07-09 07:09:09,091 DEBUG < PONG 86 05 e0 46 [binary, 4 bytes]
2025-07-09 07:09:09,092 DEBUG % received keepalive pong
2025-07-09 07:09:29,052 DEBUG > TEXT '{"type":"hb"}' [13 bytes]
2025-07-09 07:09:29,065 DEBUG > PING d0 ca 5b df [binary, 4 bytes]
2025-07-09 07:09:29,066 DEBUG % sent keepalive ping
2025-07-09 07:09:29,077 DEBUG < TEXT '{"channel":"error","data":"Error parsing JSON i...{\\"type\\":\\"hb\\"}"}' [95 bytes]
2025-07-09 07:09:29,100 DEBUG < PONG d0 ca 5b df [binary, 4 bytes]
2025-07-09 07:09:29,101 DEBUG % received keepalive pong
2025-07-09 07:09:29,151 DEBUG < CLOSE 1000 (OK) Inactive [10 bytes]
2025-07-09 07:09:29,151 DEBUG > CLOSE 1000 (OK) Inactive [10 bytes]
2025-07-09 07:09:29,151 DEBUG = connection is CLOSING
2025-07-09 07:09:29,152 DEBUG < EOF
2025-07-09 07:09:29,152 DEBUG > EOF
2025-07-09 07:09:29,153 DEBUG = connection is CLOSED
2025-07-09 07:09:29,153 DEBUG x closing TCP connection
2025-07-09 07:09:32,231 DEBUG = connection is CONNECTING
2025-07-09 07:09:32,267 DEBUG > GET /ws HTTP/1.1
2025-07-09 07:09:32,267 DEBUG > Host: api.hyperliquid.xyz
2025-07-09 07:09:32,267 DEBUG > Upgrade: websocket
2025-07-09 07:09:32,267 DEBUG > Connection: Upgrade
2025-07-09 07:09:32,267 DEBUG > Sec-WebSocket-Key: /UiKctQBVxLBmo7Y6nlMtA==
2025-07-09 07:09:32,267 DEBUG > Sec-WebSocket-Version: 13
2025-07-09 07:09:32,267 DEBUG > Sec-WebSocket-Extensions: permessage-deflate; client_max_window_bits
2025-07-09 07:09:32,267 DEBUG > User-Agent: Python/3.13 websockets/15.0.1
2025-07-09 07:09:32,318 DEBUG < HTTP/1.1 101 Switching Protocols
2025-07-09 07:09:32,318 DEBUG < Connection: upgrade
2025-07-09 07:09:32,318 DEBUG < Server: nginx/1.22.1
2025-07-09 07:09:32,319 DEBUG < Date: Wed, 09 Jul 2025 07:09:32 GMT
2025-07-09 07:09:32,319 DEBUG < upgrade: websocket
2025-07-09 07:09:32,319 DEBUG < sec-websocket-accept: 6RIqMLDfTFtFyhN+7pF2yjffxcI=
2025-07-09 07:09:32,319 DEBUG < access-control-allow-origin: *
2025-07-09 07:09:32,319 DEBUG < vary: origin
2025-07-09 07:09:32,319 DEBUG < vary: access-control-request-method
2025-07-09 07:09:32,319 DEBUG < vary: access-control-request-headers
2025-07-09 07:09:32,319 DEBUG < access-control-expose-headers: *
2025-07-09 07:09:32,319 DEBUG < X-Cache: Miss from cloudfront
2025-07-09 07:09:32,319 DEBUG < Via: 1.1 cbc9a7ff38c15639868155e5103d538c.cloudfront.net (CloudFront)
2025-07-09 07:09:32,319 DEBUG < X-Amz-Cf-Pop: KIX50-P1
2025-07-09 07:09:32,319 DEBUG < X-Amz-Cf-Id: Wk2SUHlgX_N3nGh-8ajzlLo0fu1oumZiisJwVCiB2BztNDFSYxICxg==
2025-07-09 07:09:32,320 DEBUG = connection is OPEN
2025-07-09 07:09:32,320 INFO [32mWS connected[0m
2025-07-09 07:09:52,327 DEBUG > PING 66 90 a8 7d [binary, 4 bytes]
2025-07-09 07:09:52,328 DEBUG % sent keepalive ping
2025-07-09 07:09:52,468 DEBUG < PONG 66 90 a8 7d [binary, 4 bytes]
2025-07-09 07:09:52,469 DEBUG % received keepalive pong
2025-07-09 07:10:02,331 DEBUG > TEXT '{"type":"hb"}' [13 bytes]
2025-07-09 07:10:02,357 DEBUG < TEXT '{"channel":"error","data":"Error parsing JSON i...{\\"type\\":\\"hb\\"}"}' [95 bytes]
2025-07-09 07:10:12,334 DEBUG > PING 3a d6 0c 43 [binary, 4 bytes]
2025-07-09 07:10:12,335 DEBUG % sent keepalive ping
2025-07-09 07:10:12,405 DEBUG < PONG 3a d6 0c 43 [binary, 4 bytes]
2025-07-09 07:10:12,407 DEBUG % received keepalive pong
2025-07-09 07:10:32,342 DEBUG > TEXT '{"type":"hb"}' [13 bytes]
2025-07-09 07:10:32,342 DEBUG > PING 8b 87 a9 d9 [binary, 4 bytes]
2025-07-09 07:10:32,343 DEBUG % sent keepalive ping
2025-07-09 07:10:32,522 DEBUG < CLOSE 1000 (OK) Inactive [10 bytes]
2025-07-09 07:10:32,522 DEBUG > CLOSE 1000 (OK) Inactive [10 bytes]
2025-07-09 07:10:32,523 DEBUG = connection is CLOSING
2025-07-09 07:10:32,524 DEBUG < EOF
2025-07-09 07:10:32,524 DEBUG > EOF
2025-07-09 07:10:32,524 DEBUG = connection is CLOSED
2025-07-09 07:10:32,524 DEBUG x closing TCP connection
2025-07-09 07:10:35,591 DEBUG = connection is CONNECTING
2025-07-09 07:10:35,631 DEBUG > GET /ws HTTP/1.1
2025-07-09 07:10:35,631 DEBUG > Host: api.hyperliquid.xyz
2025-07-09 07:10:35,631 DEBUG > Upgrade: websocket
2025-07-09 07:10:35,631 DEBUG > Connection: Upgrade
2025-07-09 07:10:35,631 DEBUG > Sec-WebSocket-Key: +pj/qFRZLS9KpOWsL8XA6g==
2025-07-09 07:10:35,631 DEBUG > Sec-WebSocket-Version: 13
2025-07-09 07:10:35,631 DEBUG > Sec-WebSocket-Extensions: permessage-deflate; client_max_window_bits
2025-07-09 07:10:35,631 DEBUG > User-Agent: Python/3.13 websockets/15.0.1
2025-07-09 07:10:35,676 DEBUG < HTTP/1.1 101 Switching Protocols
2025-07-09 07:10:35,676 DEBUG < Connection: upgrade
2025-07-09 07:10:35,677 DEBUG < Server: nginx/1.22.1
2025-07-09 07:10:35,677 DEBUG < Date: Wed, 09 Jul 2025 07:10:35 GMT
2025-07-09 07:10:35,677 DEBUG < upgrade: websocket
2025-07-09 07:10:35,678 DEBUG < sec-websocket-accept: JXlaKw7KSw/zh9DeMr2ZcPc5EZg=
2025-07-09 07:10:35,678 DEBUG < access-control-allow-origin: *
2025-07-09 07:10:35,678 DEBUG < vary: origin
2025-07-09 07:10:35,678 DEBUG < vary: access-control-request-method
2025-07-09 07:10:35,678 DEBUG < vary: access-control-request-headers
2025-07-09 07:10:35,679 DEBUG < access-control-expose-headers: *
2025-07-09 07:10:35,679 DEBUG < X-Cache: Miss from cloudfront
2025-07-09 07:10:35,679 DEBUG < Via: 1.1 60c129ee7c63a6dda936745a648594cc.cloudfront.net (CloudFront)
2025-07-09 07:10:35,679 DEBUG < X-Amz-Cf-Pop: KIX50-P1
2025-07-09 07:10:35,679 DEBUG < X-Amz-Cf-Id: 1f1xq-BZRDskpOxsUV_d0NQqU3sxJTIQdo9jJAvzdglLxLkxJ9A1vQ==
2025-07-09 07:10:35,680 DEBUG = connection is OPEN
2025-07-09 07:10:35,680 INFO [32mWS connected[0m
2025-07-09 07:10:55,684 DEBUG > PING e6 b2 78 44 [binary, 4 bytes]
2025-07-09 07:10:55,685 DEBUG % sent keepalive ping
2025-07-09 07:10:55,837 DEBUG < PONG e6 b2 78 44 [binary, 4 bytes]
2025-07-09 07:10:55,837 DEBUG % received keepalive pong
2025-07-09 07:11:05,683 DEBUG > TEXT '{"type":"hb"}' [13 bytes]
2025-07-09 07:11:05,994 DEBUG < TEXT '{"channel":"error","data":"Error parsing JSON i...{\\"type\\":\\"hb\\"}"}' [95 bytes]
2025-07-09 07:11:15,690 DEBUG > PING 70 0b 65 e1 [binary, 4 bytes]
2025-07-09 07:11:15,691 DEBUG % sent keepalive ping
2025-07-09 07:11:16,164 DEBUG < PONG 70 0b 65 e1 [binary, 4 bytes]
2025-07-09 07:11:16,164 DEBUG % received keepalive pong
2025-07-09 07:11:35,699 DEBUG > TEXT '{"type":"hb"}' [13 bytes]
2025-07-09 07:11:35,702 DEBUG > PING 94 45 87 ae [binary, 4 bytes]
2025-07-09 07:11:35,704 DEBUG % sent keepalive ping
2025-07-09 07:11:36,043 DEBUG < CLOSE 1000 (OK) Inactive [10 bytes]
2025-07-09 07:11:36,043 DEBUG > CLOSE 1000 (OK) Inactive [10 bytes]
2025-07-09 07:11:36,043 DEBUG = connection is CLOSING
2025-07-09 07:11:36,043 DEBUG < EOF
2025-07-09 07:11:36,043 DEBUG > EOF
2025-07-09 07:11:36,043 DEBUG = connection is CLOSED
2025-07-09 07:11:36,043 DEBUG x closing TCP connection
2025-07-09 07:11:39,250 DEBUG = connection is CONNECTING
2025-07-09 07:11:39,288 DEBUG > GET /ws HTTP/1.1
2025-07-09 07:11:39,289 DEBUG > Host: api.hyperliquid.xyz
2025-07-09 07:11:39,289 DEBUG > Upgrade: websocket
2025-07-09 07:11:39,289 DEBUG > Connection: Upgrade
2025-07-09 07:11:39,289 DEBUG > Sec-WebSocket-Key: xF8V6S3oynmNvbucImQLoA==
2025-07-09 07:11:39,289 DEBUG > Sec-WebSocket-Version: 13
2025-07-09 07:11:39,289 DEBUG > Sec-WebSocket-Extensions: permessage-deflate; client_max_window_bits
2025-07-09 07:11:39,289 DEBUG > User-Agent: Python/3.13 websockets/15.0.1
2025-07-09 07:11:39,336 DEBUG < HTTP/1.1 101 Switching Protocols
2025-07-09 07:11:39,337 DEBUG < Connection: upgrade
2025-07-09 07:11:39,337 DEBUG < Server: nginx/1.22.1
2025-07-09 07:11:39,337 DEBUG < Date: Wed, 09 Jul 2025 07:11:39 GMT
2025-07-09 07:11:39,338 DEBUG < upgrade: websocket
2025-07-09 07:11:39,338 DEBUG < sec-websocket-accept: 3RLJAstLRzD2VJ18E2mT8LMKYIk=
2025-07-09 07:11:39,338 DEBUG < access-control-allow-origin: *
2025-07-09 07:11:39,338 DEBUG < vary: origin
2025-07-09 07:11:39,338 DEBUG < vary: access-control-request-method
2025-07-09 07:11:39,338 DEBUG < vary: access-control-request-headers
2025-07-09 07:11:39,338 DEBUG < access-control-expose-headers: *
2025-07-09 07:11:39,339 DEBUG < X-Cache: Miss from cloudfront
2025-07-09 07:11:39,339 DEBUG < Via: 1.1 bf29f3395fe2171249f44748a4b22280.cloudfront.net (CloudFront)
2025-07-09 07:11:39,339 DEBUG < X-Amz-Cf-Pop: KIX50-P1
2025-07-09 07:11:39,339 DEBUG < X-Amz-Cf-Id: bdHawZ8UWjlyX5BI8H1spPYw5Yb1sCnqaoP54bcCyA64hOzJR_Tpcw==
2025-07-09 07:11:39,339 DEBUG = connection is OPEN
2025-07-09 07:11:39,339 INFO [32mWS connected[0m
2025-07-09 07:11:59,341 DEBUG > PING 31 94 4e 6d [binary, 4 bytes]
2025-07-09 07:11:59,341 DEBUG % sent keepalive ping
2025-07-09 07:11:59,449 DEBUG < PONG 31 94 4e 6d [binary, 4 bytes]
2025-07-09 07:11:59,450 DEBUG % received keepalive pong
2025-07-09 07:12:09,353 DEBUG > TEXT '{"type":"hb"}' [13 bytes]
2025-07-09 07:12:09,380 DEBUG < TEXT '{"channel":"error","data":"Error parsing JSON i...{\\"type\\":\\"hb\\"}"}' [95 bytes]
2025-07-09 07:12:19,358 DEBUG > PING 81 25 8b 0e [binary, 4 bytes]
2025-07-09 07:12:19,360 DEBUG % sent keepalive ping
2025-07-09 07:12:19,431 DEBUG < PONG 81 25 8b 0e [binary, 4 bytes]
2025-07-09 07:12:19,432 DEBUG % received keepalive pong
2025-07-09 07:12:39,363 DEBUG > TEXT '{"type":"hb"}' [13 bytes]
2025-07-09 07:12:39,364 DEBUG > PING e4 3e 87 6a [binary, 4 bytes]
2025-07-09 07:12:39,365 DEBUG % sent keepalive ping
2025-07-09 07:12:39,421 DEBUG < CLOSE 1000 (OK) Inactive [10 bytes]
2025-07-09 07:12:39,421 DEBUG > CLOSE 1000 (OK) Inactive [10 bytes]
2025-07-09 07:12:39,421 DEBUG = connection is CLOSING
2025-07-09 07:12:39,422 DEBUG < EOF
2025-07-09 07:12:39,422 DEBUG > EOF
2025-07-09 07:12:39,422 DEBUG = connection is CLOSED
2025-07-09 07:12:39,422 DEBUG x closing TCP connection
2025-07-09 07:12:42,484 DEBUG = connection is CONNECTING
2025-07-09 07:12:42,528 DEBUG > GET /ws HTTP/1.1
2025-07-09 07:12:42,528 DEBUG > Host: api.hyperliquid.xyz
2025-07-09 07:12:42,528 DEBUG > Upgrade: websocket
2025-07-09 07:12:42,528 DEBUG > Connection: Upgrade
2025-07-09 07:12:42,529 DEBUG > Sec-WebSocket-Key: PFhh0lI9TrT6EFI3fN7RQA==
2025-07-09 07:12:42,529 DEBUG > Sec-WebSocket-Version: 13
2025-07-09 07:12:42,529 DEBUG > Sec-WebSocket-Extensions: permessage-deflate; client_max_window_bits
2025-07-09 07:12:42,529 DEBUG > User-Agent: Python/3.13 websockets/15.0.1
2025-07-09 07:12:42,606 DEBUG < HTTP/1.1 101 Switching Protocols
2025-07-09 07:12:42,606 DEBUG < Connection: upgrade
2025-07-09 07:12:42,606 DEBUG < Server: nginx/1.22.1
2025-07-09 07:12:42,606 DEBUG < Date: Wed, 09 Jul 2025 07:12:42 GMT
2025-07-09 07:12:42,606 DEBUG < upgrade: websocket
2025-07-09 07:12:42,606 DEBUG < sec-websocket-accept: Z+faNpGefdwlAQZ4ViphYUR+GoI=
2025-07-09 07:12:42,607 DEBUG < access-control-allow-origin: *
2025-07-09 07:12:42,607 DEBUG < vary: origin
2025-07-09 07:12:42,607 DEBUG < vary: access-control-request-method
2025-07-09 07:12:42,607 DEBUG < vary: access-control-request-headers
2025-07-09 07:12:42,607 DEBUG < access-control-expose-headers: *
2025-07-09 07:12:42,607 DEBUG < X-Cache: Miss from cloudfront
2025-07-09 07:12:42,607 DEBUG < Via: 1.1 d3584c57215d8102c7846c8f75ac3ea2.cloudfront.net (CloudFront)
2025-07-09 07:12:42,607 DEBUG < X-Amz-Cf-Pop: KIX50-P1
2025-07-09 07:12:42,607 DEBUG < X-Amz-Cf-Id: slwTViV4svSaFGqhcggVRFZJFn0uq5usADE4_buT0vkeNTAFKgsd6A==
2025-07-09 07:12:42,607 DEBUG = connection is OPEN
2025-07-09 07:12:42,607 INFO [32mWS connected[0m
2025-07-09 07:13:02,616 DEBUG > PING 95 96 7a a6 [binary, 4 bytes]
2025-07-09 07:13:02,618 DEBUG % sent keepalive ping
2025-07-09 07:13:02,650 DEBUG < PONG 95 96 7a a6 [binary, 4 bytes]
2025-07-09 07:13:02,652 DEBUG % received keepalive pong
2025-07-09 07:13:12,613 DEBUG > TEXT '{"type":"hb"}' [13 bytes]
2025-07-09 07:13:12,657 DEBUG < TEXT '{"channel":"error","data":"Error parsing JSON i...{\\"type\\":\\"hb\\"}"}' [95 bytes]
2025-07-09 07:13:22,629 DEBUG > PING 63 3d 1d ae [binary, 4 bytes]
2025-07-09 07:13:22,630 DEBUG % sent keepalive ping
2025-07-09 07:13:22,729 DEBUG < PONG 63 3d 1d ae [binary, 4 bytes]
2025-07-09 07:13:22,730 DEBUG % received keepalive pong
2025-07-09 07:13:42,631 DEBUG > TEXT '{"type":"hb"}' [13 bytes]
2025-07-09 07:13:42,633 DEBUG > PING 77 bc bd b9 [binary, 4 bytes]
2025-07-09 07:13:42,635 DEBUG % sent keepalive ping
2025-07-09 07:13:42,752 DEBUG < CLOSE 1000 (OK) Inactive [10 bytes]
2025-07-09 07:13:42,753 DEBUG > CLOSE 1000 (OK) Inactive [10 bytes]
2025-07-09 07:13:42,753 DEBUG = connection is CLOSING
2025-07-09 07:13:42,754 DEBUG < EOF
2025-07-09 07:13:42,754 DEBUG > EOF
2025-07-09 07:13:42,754 DEBUG = connection is CLOSED
2025-07-09 07:13:42,754 DEBUG x closing TCP connection
2025-07-09 07:13:45,833 DEBUG = connection is CONNECTING
2025-07-09 07:13:45,869 DEBUG > GET /ws HTTP/1.1
2025-07-09 07:13:45,869 DEBUG > Host: api.hyperliquid.xyz
2025-07-09 07:13:45,869 DEBUG > Upgrade: websocket
2025-07-09 07:13:45,869 DEBUG > Connection: Upgrade
2025-07-09 07:13:45,869 DEBUG > Sec-WebSocket-Key: 4v9vlzKzu8nAJQhZ9vEDHg==
2025-07-09 07:13:45,869 DEBUG > Sec-WebSocket-Version: 13
2025-07-09 07:13:45,869 DEBUG > Sec-WebSocket-Extensions: permessage-deflate; client_max_window_bits
2025-07-09 07:13:45,869 DEBUG > User-Agent: Python/3.13 websockets/15.0.1
2025-07-09 07:13:45,924 DEBUG < HTTP/1.1 101 Switching Protocols
2025-07-09 07:13:45,924 DEBUG < Connection: upgrade
2025-07-09 07:13:45,925 DEBUG < Server: nginx/1.22.1
2025-07-09 07:13:45,925 DEBUG < Date: Wed, 09 Jul 2025 07:13:45 GMT
2025-07-09 07:13:45,925 DEBUG < upgrade: websocket
2025-07-09 07:13:45,925 DEBUG < sec-websocket-accept: gbpYPxMyjwkCMYueOSZENTTYlbg=
2025-07-09 07:13:45,925 DEBUG < access-control-allow-origin: *
2025-07-09 07:13:45,925 DEBUG < vary: origin
2025-07-09 07:13:45,925 DEBUG < vary: access-control-request-method
2025-07-09 07:13:45,925 DEBUG < vary: access-control-request-headers
2025-07-09 07:13:45,926 DEBUG < access-control-expose-headers: *
2025-07-09 07:13:45,926 DEBUG < X-Cache: Miss from cloudfront
2025-07-09 07:13:45,926 DEBUG < Via: 1.1 6f829fd5f4986144adb37b6a46c04276.cloudfront.net (CloudFront)
2025-07-09 07:13:45,926 DEBUG < X-Amz-Cf-Pop: KIX50-P1
2025-07-09 07:13:45,926 DEBUG < X-Amz-Cf-Id: aFRDDiUV7EVrmJjAvOF95yepkYPs4i6VxWKE3tEg2KQOpYXgRZMqFg==
2025-07-09 07:13:45,926 DEBUG = connection is OPEN
2025-07-09 07:13:45,929 INFO [32mWS connected[0m
2025-07-09 07:14:05,946 DEBUG > PING 3d 7a ff a1 [binary, 4 bytes]
2025-07-09 07:14:05,947 DEBUG % sent keepalive ping
2025-07-09 07:14:05,971 DEBUG < PONG 3d 7a ff a1 [binary, 4 bytes]
2025-07-09 07:14:05,973 DEBUG % received keepalive pong
2025-07-09 07:14:15,944 DEBUG > TEXT '{"type":"hb"}' [13 bytes]
2025-07-09 07:14:15,970 DEBUG < TEXT '{"channel":"error","data":"Error parsing JSON i...{\\"type\\":\\"hb\\"}"}' [95 bytes]
2025-07-09 07:14:25,958 DEBUG > PING b2 71 39 ae [binary, 4 bytes]
2025-07-09 07:14:25,960 DEBUG % sent keepalive ping
2025-07-09 07:14:25,986 DEBUG < PONG b2 71 39 ae [binary, 4 bytes]
2025-07-09 07:14:25,989 DEBUG % received keepalive pong
2025-07-09 07:14:45,949 DEBUG > TEXT '{"type":"hb"}' [13 bytes]
2025-07-09 07:14:45,964 DEBUG > PING 'xqH\x07' [text, 4 bytes]
2025-07-09 07:14:45,965 DEBUG % sent keepalive ping
2025-07-09 07:14:45,983 DEBUG < TEXT '{"channel":"error","data":"Error parsing JSON i...{\\"type\\":\\"hb\\"}"}' [95 bytes]
2025-07-09 07:14:46,002 DEBUG < CLOSE 1000 (OK) Inactive [10 bytes]
2025-07-09 07:14:46,004 DEBUG > CLOSE 1000 (OK) Inactive [10 bytes]
2025-07-09 07:14:46,004 DEBUG = connection is CLOSING
2025-07-09 07:14:46,005 DEBUG < EOF
2025-07-09 07:14:46,006 DEBUG > EOF
2025-07-09 07:14:46,006 DEBUG = connection is CLOSED
2025-07-09 07:14:46,007 DEBUG x closing TCP connection
2025-07-09 07:14:49,096 DEBUG = connection is CONNECTING
2025-07-09 07:14:49,138 DEBUG > GET /ws HTTP/1.1
2025-07-09 07:14:49,139 DEBUG > Host: api.hyperliquid.xyz
2025-07-09 07:14:49,139 DEBUG > Upgrade: websocket
2025-07-09 07:14:49,139 DEBUG > Connection: Upgrade
2025-07-09 07:14:49,139 DEBUG > Sec-WebSocket-Key: 7bR2lkdzuQNCrxHBel5egQ==
2025-07-09 07:14:49,139 DEBUG > Sec-WebSocket-Version: 13
2025-07-09 07:14:49,139 DEBUG > Sec-WebSocket-Extensions: permessage-deflate; client_max_window_bits
2025-07-09 07:14:49,139 DEBUG > User-Agent: Python/3.13 websockets/15.0.1
2025-07-09 07:14:49,189 DEBUG < HTTP/1.1 101 Switching Protocols
2025-07-09 07:14:49,190 DEBUG < Connection: upgrade
2025-07-09 07:14:49,190 DEBUG < Server: nginx/1.22.1
2025-07-09 07:14:49,191 DEBUG < Date: Wed, 09 Jul 2025 07:14:49 GMT
2025-07-09 07:14:49,191 DEBUG < upgrade: websocket
2025-07-09 07:14:49,191 DEBUG < sec-websocket-accept: gto7qLKHXLQbSJXczyeOpQF+Gy0=
2025-07-09 07:14:49,191 DEBUG < access-control-allow-origin: *
2025-07-09 07:14:49,191 DEBUG < vary: origin
2025-07-09 07:14:49,192 DEBUG < vary: access-control-request-method
2025-07-09 07:14:49,192 DEBUG < vary: access-control-request-headers
2025-07-09 07:14:49,192 DEBUG < access-control-expose-headers: *
2025-07-09 07:14:49,192 DEBUG < X-Cache: Miss from cloudfront
2025-07-09 07:14:49,192 DEBUG < Via: 1.1 4bfd847855ddafcee9a9b800645e322e.cloudfront.net (CloudFront)
2025-07-09 07:14:49,193 DEBUG < X-Amz-Cf-Pop: KIX50-P1
2025-07-09 07:14:49,193 DEBUG < X-Amz-Cf-Id: oz1KvDpKmUK6MmSbawGPoEkEupNtNmgfWRG3pNujAypNX-coBRSIhg==
2025-07-09 07:14:49,193 DEBUG = connection is OPEN
2025-07-09 07:14:49,194 INFO [32mWS connected[0m
2025-07-09 07:15:09,198 DEBUG > PING 8f b7 81 55 [binary, 4 bytes]
2025-07-09 07:15:09,200 DEBUG % sent keepalive ping
2025-07-09 07:15:09,285 DEBUG < PONG 8f b7 81 55 [binary, 4 bytes]
2025-07-09 07:15:09,287 DEBUG % received keepalive pong
2025-07-09 07:15:19,207 DEBUG > TEXT '{"type":"hb"}' [13 bytes]
2025-07-09 07:15:19,239 DEBUG < TEXT '{"channel":"error","data":"Error parsing JSON i...{\\"type\\":\\"hb\\"}"}' [95 bytes]
2025-07-09 07:15:29,203 DEBUG > PING bc f8 82 d0 [binary, 4 bytes]
2025-07-09 07:15:29,206 DEBUG % sent keepalive ping
2025-07-09 07:15:29,311 DEBUG < PONG bc f8 82 d0 [binary, 4 bytes]
2025-07-09 07:15:29,311 DEBUG % received keepalive pong
2025-07-09 07:15:49,209 DEBUG > PING e7 3a 91 6c [binary, 4 bytes]
2025-07-09 07:15:49,212 DEBUG % sent keepalive ping
2025-07-09 07:15:49,213 DEBUG > TEXT '{"type":"hb"}' [13 bytes]
2025-07-09 07:15:49,248 DEBUG < CLOSE 1000 (OK) Inactive [10 bytes]
2025-07-09 07:15:49,248 DEBUG > CLOSE 1000 (OK) Inactive [10 bytes]
2025-07-09 07:15:49,248 DEBUG = connection is CLOSING
2025-07-09 07:15:49,249 DEBUG < EOF
2025-07-09 07:15:49,249 DEBUG > EOF
2025-07-09 07:15:49,249 DEBUG = connection is CLOSED
2025-07-09 07:15:49,249 DEBUG x closing TCP connection
2025-07-09 07:15:52,359 DEBUG = connection is CONNECTING
2025-07-09 07:15:52,416 DEBUG > GET /ws HTTP/1.1
2025-07-09 07:15:52,416 DEBUG > Host: api.hyperliquid.xyz
2025-07-09 07:15:52,416 DEBUG > Upgrade: websocket
2025-07-09 07:15:52,416 DEBUG > Connection: Upgrade
2025-07-09 07:15:52,417 DEBUG > Sec-WebSocket-Key: i/fBeLw2FPPUpHJ6lDEAzA==
2025-07-09 07:15:52,417 DEBUG > Sec-WebSocket-Version: 13
2025-07-09 07:15:52,417 DEBUG > Sec-WebSocket-Extensions: permessage-deflate; client_max_window_bits
2025-07-09 07:15:52,417 DEBUG > User-Agent: Python/3.13 websockets/15.0.1
2025-07-09 07:15:52,473 DEBUG < HTTP/1.1 101 Switching Protocols
2025-07-09 07:15:52,474 DEBUG < Connection: upgrade
2025-07-09 07:15:52,474 DEBUG < Server: nginx/1.22.1
2025-07-09 07:15:52,475 DEBUG < Date: Wed, 09 Jul 2025 07:15:52 GMT
2025-07-09 07:15:52,475 DEBUG < upgrade: websocket
2025-07-09 07:15:52,475 DEBUG < sec-websocket-accept: Ww80aTK6qYYljSEcnYBxiOcwfTg=
2025-07-09 07:15:52,476 DEBUG < access-control-allow-origin: *
2025-07-09 07:15:52,476 DEBUG < vary: origin
2025-07-09 07:15:52,477 DEBUG < vary: access-control-request-method
2025-07-09 07:15:52,477 DEBUG < vary: access-control-request-headers
2025-07-09 07:15:52,477 DEBUG < access-control-expose-headers: *
2025-07-09 07:15:52,478 DEBUG < X-Cache: Miss from cloudfront
2025-07-09 07:15:52,478 DEBUG < Via: 1.1 22e125e8c194acf5e6c6bf805d24fc46.cloudfront.net (CloudFront)
2025-07-09 07:15:52,478 DEBUG < X-Amz-Cf-Pop: KIX50-P1
2025-07-09 07:15:52,479 DEBUG < X-Amz-Cf-Id: Y5gUbT2AT9cf0-j4ehfyPcGF9kCG7q1Jcsbf-pVFK-TiBmkoMLotKQ==
2025-07-09 07:15:52,479 DEBUG = connection is OPEN
2025-07-09 07:15:52,479 INFO [32mWS connected[0m
2025-07-09 07:16:12,481 DEBUG > PING 65 c2 9c af [binary, 4 bytes]
2025-07-09 07:16:12,483 DEBUG % sent keepalive ping
2025-07-09 07:16:12,507 DEBUG < PONG 65 c2 9c af [binary, 4 bytes]
2025-07-09 07:16:12,509 DEBUG % received keepalive pong
2025-07-09 07:16:22,482 DEBUG > TEXT '{"type":"hb"}' [13 bytes]
2025-07-09 07:16:22,516 DEBUG < TEXT '{"channel":"error","data":"Error parsing JSON i...{\\"type\\":\\"hb\\"}"}' [95 bytes]
2025-07-09 07:16:32,496 DEBUG > PING 09 ac 9b 69 [binary, 4 bytes]
2025-07-09 07:16:32,498 DEBUG % sent keepalive ping
2025-07-09 07:16:32,520 DEBUG < PONG 09 ac 9b 69 [binary, 4 bytes]
2025-07-09 07:16:32,521 DEBUG % received keepalive pong
2025-07-09 07:16:52,495 DEBUG > TEXT '{"type":"hb"}' [13 bytes]
2025-07-09 07:16:52,499 DEBUG > PING 22 4b a4 00 [binary, 4 bytes]
2025-07-09 07:16:52,501 DEBUG % sent keepalive ping
2025-07-09 07:16:52,520 DEBUG < TEXT '{"channel":"error","data":"Error parsing JSON i...{\\"type\\":\\"hb\\"}"}' [95 bytes]
2025-07-09 07:16:52,553 DEBUG < PONG 22 4b a4 00 [binary, 4 bytes]
2025-07-09 07:16:52,555 DEBUG % received keepalive pong
2025-07-09 07:16:52,594 DEBUG < CLOSE 1000 (OK) Inactive [10 bytes]
2025-07-09 07:16:52,594 DEBUG > CLOSE 1000 (OK) Inactive [10 bytes]
2025-07-09 07:16:52,595 DEBUG = connection is CLOSING
2025-07-09 07:16:52,596 DEBUG < EOF
2025-07-09 07:16:52,596 DEBUG > EOF
2025-07-09 07:16:52,597 DEBUG = connection is CLOSED
2025-07-09 07:16:52,597 DEBUG x closing TCP connection
2025-07-09 07:16:55,659 DEBUG = connection is CONNECTING
2025-07-09 07:16:55,690 DEBUG > GET /ws HTTP/1.1
2025-07-09 07:16:55,690 DEBUG > Host: api.hyperliquid.xyz
2025-07-09 07:16:55,690 DEBUG > Upgrade: websocket
2025-07-09 07:16:55,691 DEBUG > Connection: Upgrade
2025-07-09 07:16:55,691 DEBUG > Sec-WebSocket-Key: 1DlNuJfrBkLxQYHJFvxAbA==
2025-07-09 07:16:55,691 DEBUG > Sec-WebSocket-Version: 13
2025-07-09 07:16:55,691 DEBUG > Sec-WebSocket-Extensions: permessage-deflate; client_max_window_bits
2025-07-09 07:16:55,691 DEBUG > User-Agent: Python/3.13 websockets/15.0.1
2025-07-09 07:16:55,743 DEBUG < HTTP/1.1 101 Switching Protocols
2025-07-09 07:16:55,744 DEBUG < Connection: upgrade
2025-07-09 07:16:55,744 DEBUG < Server: nginx/1.22.1
2025-07-09 07:16:55,744 DEBUG < Date: Wed, 09 Jul 2025 07:16:55 GMT
2025-07-09 07:16:55,744 DEBUG < upgrade: websocket
2025-07-09 07:16:55,744 DEBUG < sec-websocket-accept: 8/rgBoAMZuLy043l5HznfEWZCfc=
2025-07-09 07:16:55,744 DEBUG < access-control-allow-origin: *
2025-07-09 07:16:55,744 DEBUG < vary: origin
2025-07-09 07:16:55,744 DEBUG < vary: access-control-request-method
2025-07-09 07:16:55,744 DEBUG < vary: access-control-request-headers
2025-07-09 07:16:55,744 DEBUG < access-control-expose-headers: *
2025-07-09 07:16:55,744 DEBUG < X-Cache: Miss from cloudfront
2025-07-09 07:16:55,744 DEBUG < Via: 1.1 421cdf886b8fababe1525a505c58bd30.cloudfront.net (CloudFront)
2025-07-09 07:16:55,744 DEBUG < X-Amz-Cf-Pop: KIX50-P1
2025-07-09 07:16:55,744 DEBUG < X-Amz-Cf-Id: dyqbXJJIQiFVkhUxoB2t3VrlFQUNFE8QauRnfh215RkALbsKCpPgng==
2025-07-09 07:16:55,745 DEBUG = connection is OPEN
2025-07-09 07:16:55,745 INFO [32mWS connected[0m
2025-07-09 07:17:15,751 DEBUG > PING 61 a0 ef 2c [binary, 4 bytes]
2025-07-09 07:17:15,753 DEBUG % sent keepalive ping
2025-07-09 07:17:15,819 DEBUG < PONG 61 a0 ef 2c [binary, 4 bytes]
2025-07-09 07:17:15,820 DEBUG % received keepalive pong
2025-07-09 07:17:25,757 DEBUG > TEXT '{"type":"hb"}' [13 bytes]
2025-07-09 07:17:25,784 DEBUG < TEXT '{"channel":"error","data":"Error parsing JSON i...{\\"type\\":\\"hb\\"}"}' [95 bytes]
2025-07-09 07:17:35,767 DEBUG > PING 28 ee 11 48 [binary, 4 bytes]
2025-07-09 07:17:35,770 DEBUG % sent keepalive ping
2025-07-09 07:17:35,826 DEBUG < PONG 28 ee 11 48 [binary, 4 bytes]
2025-07-09 07:17:35,827 DEBUG % received keepalive pong
2025-07-09 07:17:55,766 DEBUG > TEXT '{"type":"hb"}' [13 bytes]
2025-07-09 07:17:55,770 DEBUG > PING da 89 a2 b6 [binary, 4 bytes]
2025-07-09 07:17:55,771 DEBUG % sent keepalive ping
2025-07-09 07:17:55,795 DEBUG < TEXT '{"channel":"error","data":"Error parsing JSON i...{\\"type\\":\\"hb\\"}"}' [95 bytes]
2025-07-09 07:17:55,811 DEBUG < CLOSE 1000 (OK) Inactive [10 bytes]
2025-07-09 07:17:55,812 DEBUG > CLOSE 1000 (OK) Inactive [10 bytes]
2025-07-09 07:17:55,812 DEBUG = connection is CLOSING
2025-07-09 07:17:55,814 DEBUG < EOF
2025-07-09 07:17:55,814 DEBUG > EOF
2025-07-09 07:17:55,814 DEBUG = connection is CLOSED
2025-07-09 07:17:55,815 DEBUG x closing TCP connection
2025-07-09 07:17:58,914 DEBUG = connection is CONNECTING
2025-07-09 07:17:58,959 DEBUG > GET /ws HTTP/1.1
2025-07-09 07:17:58,960 DEBUG > Host: api.hyperliquid.xyz
2025-07-09 07:17:58,960 DEBUG > Upgrade: websocket
2025-07-09 07:17:58,960 DEBUG > Connection: Upgrade
2025-07-09 07:17:58,960 DEBUG > Sec-WebSocket-Key: GMxPt3BsnNugdipb68Fe1g==
2025-07-09 07:17:58,960 DEBUG > Sec-WebSocket-Version: 13
2025-07-09 07:17:58,960 DEBUG > Sec-WebSocket-Extensions: permessage-deflate; client_max_window_bits
2025-07-09 07:17:58,960 DEBUG > User-Agent: Python/3.13 websockets/15.0.1
2025-07-09 07:17:59,012 DEBUG < HTTP/1.1 101 Switching Protocols
2025-07-09 07:17:59,012 DEBUG < Connection: upgrade
2025-07-09 07:17:59,013 DEBUG < Server: nginx/1.22.1
2025-07-09 07:17:59,013 DEBUG < Date: Wed, 09 Jul 2025 07:17:59 GMT
2025-07-09 07:17:59,014 DEBUG < upgrade: websocket
2025-07-09 07:17:59,014 DEBUG < sec-websocket-accept: DAHeTDbQ/GEFn/vRtwEfjS+8le4=
2025-07-09 07:17:59,014 DEBUG < access-control-allow-origin: *
2025-07-09 07:17:59,015 DEBUG < vary: origin
2025-07-09 07:17:59,015 DEBUG < vary: access-control-request-method
2025-07-09 07:17:59,015 DEBUG < vary: access-control-request-headers
2025-07-09 07:17:59,015 DEBUG < access-control-expose-headers: *
2025-07-09 07:17:59,015 DEBUG < X-Cache: Miss from cloudfront
2025-07-09 07:17:59,016 DEBUG < Via: 1.1 788b89de3520ece944e4304b5c797654.cloudfront.net (CloudFront)
2025-07-09 07:17:59,016 DEBUG < X-Amz-Cf-Pop: KIX50-P1
2025-07-09 07:17:59,016 DEBUG < X-Amz-Cf-Id: S_Dlz0EPE6vYJEed5L3ZaB3yc9znCK0NrybLiklNkvw0zofF0PA_kA==
2025-07-09 07:17:59,016 DEBUG = connection is OPEN
2025-07-09 07:17:59,016 INFO [32mWS connected[0m
2025-07-09 07:18:19,023 DEBUG > PING 86 1b 00 c0 [binary, 4 bytes]
2025-07-09 07:18:19,025 DEBUG % sent keepalive ping
2025-07-09 07:18:19,073 DEBUG < PONG 86 1b 00 c0 [binary, 4 bytes]
2025-07-09 07:18:19,074 DEBUG % received keepalive pong
2025-07-09 07:18:29,029 DEBUG > TEXT '{"type":"hb"}' [13 bytes]
2025-07-09 07:18:29,055 DEBUG < TEXT '{"channel":"error","data":"Error parsing JSON i...{\\"type\\":\\"hb\\"}"}' [95 bytes]
2025-07-09 07:18:39,033 DEBUG > PING 9e 59 0a aa [binary, 4 bytes]
2025-07-09 07:18:39,035 DEBUG % sent keepalive ping
2025-07-09 07:18:39,067 DEBUG < PONG 9e 59 0a aa [binary, 4 bytes]
2025-07-09 07:18:39,068 DEBUG % received keepalive pong
2025-07-09 07:18:59,043 DEBUG > TEXT '{"type":"hb"}' [13 bytes]
2025-07-09 07:18:59,044 DEBUG > PING ba 9f 39 96 [binary, 4 bytes]
2025-07-09 07:18:59,044 DEBUG % sent keepalive ping
2025-07-09 07:18:59,069 DEBUG < TEXT '{"channel":"error","data":"Error parsing JSON i...{\\"type\\":\\"hb\\"}"}' [95 bytes]
2025-07-09 07:18:59,104 DEBUG < PONG ba 9f 39 96 [binary, 4 bytes]
2025-07-09 07:18:59,104 DEBUG % received keepalive pong
2025-07-09 07:18:59,129 DEBUG < CLOSE 1000 (OK) Inactive [10 bytes]
2025-07-09 07:18:59,130 DEBUG > CLOSE 1000 (OK) Inactive [10 bytes]
2025-07-09 07:18:59,130 DEBUG = connection is CLOSING
2025-07-09 07:18:59,130 DEBUG < EOF
2025-07-09 07:18:59,131 DEBUG > EOF
2025-07-09 07:18:59,131 DEBUG = connection is CLOSED
2025-07-09 07:18:59,131 DEBUG x closing TCP connection
2025-07-09 07:19:02,343 DEBUG = connection is CONNECTING
2025-07-09 07:19:02,375 DEBUG > GET /ws HTTP/1.1
2025-07-09 07:19:02,375 DEBUG > Host: api.hyperliquid.xyz
2025-07-09 07:19:02,375 DEBUG > Upgrade: websocket
2025-07-09 07:19:02,375 DEBUG > Connection: Upgrade
2025-07-09 07:19:02,375 DEBUG > Sec-WebSocket-Key: p3sQ9g1iu/zyVITUiuphkA==
2025-07-09 07:19:02,375 DEBUG > Sec-WebSocket-Version: 13
2025-07-09 07:19:02,376 DEBUG > Sec-WebSocket-Extensions: permessage-deflate; client_max_window_bits
2025-07-09 07:19:02,376 DEBUG > User-Agent: Python/3.13 websockets/15.0.1
2025-07-09 07:19:02,466 DEBUG < HTTP/1.1 101 Switching Protocols
2025-07-09 07:19:02,467 DEBUG < Connection: upgrade
2025-07-09 07:19:02,468 DEBUG < Server: nginx/1.22.1
2025-07-09 07:19:02,469 DEBUG < Date: Wed, 09 Jul 2025 07:19:02 GMT
2025-07-09 07:19:02,469 DEBUG < upgrade: websocket
2025-07-09 07:19:02,470 DEBUG < sec-websocket-accept: XMsnmEUnI1YzLJ8eiDr++cLEsOg=
2025-07-09 07:19:02,470 DEBUG < access-control-allow-origin: *
2025-07-09 07:19:02,470 DEBUG < vary: origin
2025-07-09 07:19:02,471 DEBUG < vary: access-control-request-method
2025-07-09 07:19:02,472 DEBUG < vary: access-control-request-headers
2025-07-09 07:19:02,472 DEBUG < access-control-expose-headers: *
2025-07-09 07:19:02,473 DEBUG < X-Cache: Miss from cloudfront
2025-07-09 07:19:02,473 DEBUG < Via: 1.1 d53f9194ef3f12e45f8784f65a5c574e.cloudfront.net (CloudFront)
2025-07-09 07:19:02,473 DEBUG < X-Amz-Cf-Pop: KIX50-P1
2025-07-09 07:19:02,474 DEBUG < X-Amz-Cf-Id: S_iIXogJfczMF0TCa3Rd4P_NdMs94CtaQ3_aDvrPl0IjzE4R1H2sQg==
2025-07-09 07:19:02,474 DEBUG = connection is OPEN
2025-07-09 07:19:02,475 INFO [32mWS connected[0m
2025-07-09 07:19:22,487 DEBUG > PING 6e e8 98 d4 [binary, 4 bytes]
2025-07-09 07:19:22,489 DEBUG % sent keepalive ping
2025-07-09 07:19:22,512 DEBUG < PONG 6e e8 98 d4 [binary, 4 bytes]
2025-07-09 07:19:22,513 DEBUG % received keepalive pong
2025-07-09 07:19:32,480 DEBUG > TEXT '{"type":"hb"}' [13 bytes]
2025-07-09 07:19:32,511 DEBUG < TEXT '{"channel":"error","data":"Error parsing JSON i...{\\"type\\":\\"hb\\"}"}' [95 bytes]
2025-07-09 07:19:42,503 DEBUG > PING 3c d7 77 1e [binary, 4 bytes]
2025-07-09 07:19:42,505 DEBUG % sent keepalive ping
2025-07-09 07:19:42,529 DEBUG < PONG 3c d7 77 1e [binary, 4 bytes]
2025-07-09 07:19:42,530 DEBUG % received keepalive pong
2025-07-09 07:20:02,492 DEBUG > TEXT '{"type":"hb"}' [13 bytes]
2025-07-09 07:20:02,508 DEBUG > PING f0 fc 6e 04 [binary, 4 bytes]
2025-07-09 07:20:02,508 DEBUG % sent keepalive ping
2025-07-09 07:20:02,515 DEBUG < TEXT '{"channel":"error","data":"Error parsing JSON i...{\\"type\\":\\"hb\\"}"}' [95 bytes]
2025-07-09 07:20:02,524 DEBUG < CLOSE 1000 (OK) Inactive [10 bytes]
2025-07-09 07:20:02,525 DEBUG > CLOSE 1000 (OK) Inactive [10 bytes]
2025-07-09 07:20:02,526 DEBUG = connection is CLOSING
2025-07-09 07:20:02,527 DEBUG < EOF
2025-07-09 07:20:02,527 DEBUG > EOF
2025-07-09 07:20:02,528 DEBUG = connection is CLOSED
2025-07-09 07:20:02,529 DEBUG x closing TCP connection
2025-07-09 07:20:05,587 DEBUG = connection is CONNECTING
2025-07-09 07:20:05,639 DEBUG > GET /ws HTTP/1.1
2025-07-09 07:20:05,639 DEBUG > Host: api.hyperliquid.xyz
2025-07-09 07:20:05,639 DEBUG > Upgrade: websocket
2025-07-09 07:20:05,640 DEBUG > Connection: Upgrade
2025-07-09 07:20:05,640 DEBUG > Sec-WebSocket-Key: Uao94zv9kVQPTXzwUSg0cg==
2025-07-09 07:20:05,640 DEBUG > Sec-WebSocket-Version: 13
2025-07-09 07:20:05,640 DEBUG > Sec-WebSocket-Extensions: permessage-deflate; client_max_window_bits
2025-07-09 07:20:05,640 DEBUG > User-Agent: Python/3.13 websockets/15.0.1
2025-07-09 07:20:05,684 DEBUG < HTTP/1.1 101 Switching Protocols
2025-07-09 07:20:05,684 DEBUG < Connection: upgrade
2025-07-09 07:20:05,685 DEBUG < Server: nginx/1.22.1
2025-07-09 07:20:05,685 DEBUG < Date: Wed, 09 Jul 2025 07:20:05 GMT
2025-07-09 07:20:05,685 DEBUG < upgrade: websocket
2025-07-09 07:20:05,685 DEBUG < sec-websocket-accept: F86w+MtA4eiwr8iTcfZMx8fYkZs=
2025-07-09 07:20:05,685 DEBUG < access-control-allow-origin: *
2025-07-09 07:20:05,686 DEBUG < vary: origin
2025-07-09 07:20:05,686 DEBUG < vary: access-control-request-method
2025-07-09 07:20:05,686 DEBUG < vary: access-control-request-headers
2025-07-09 07:20:05,687 DEBUG < access-control-expose-headers: *
2025-07-09 07:20:05,687 DEBUG < X-Cache: Miss from cloudfront
2025-07-09 07:20:05,687 DEBUG < Via: 1.1 2a4407510d5c18efa6773ea4e8e31c44.cloudfront.net (CloudFront)
2025-07-09 07:20:05,687 DEBUG < X-Amz-Cf-Pop: KIX50-P1
2025-07-09 07:20:05,688 DEBUG < X-Amz-Cf-Id: J-u0OW1Bv5w-tuczvnzOjsqpdvXYrHBqkjEy0huFNUWatA0t5LS5iA==
2025-07-09 07:20:05,688 DEBUG = connection is OPEN
2025-07-09 07:20:05,688 INFO [32mWS connected[0m
2025-07-09 07:20:25,700 DEBUG > PING 8d eb e5 52 [binary, 4 bytes]
2025-07-09 07:20:25,702 DEBUG % sent keepalive ping
2025-07-09 07:20:25,740 DEBUG < PONG 8d eb e5 52 [binary, 4 bytes]
2025-07-09 07:20:25,742 DEBUG % received keepalive pong
2025-07-09 07:20:35,700 DEBUG > TEXT '{"type":"hb"}' [13 bytes]
2025-07-09 07:20:35,865 DEBUG < TEXT '{"channel":"error","data":"Error parsing JSON i...{\\"type\\":\\"hb\\"}"}' [95 bytes]
2025-07-09 07:20:45,713 DEBUG > PING c4 98 49 fd [binary, 4 bytes]
2025-07-09 07:20:45,715 DEBUG % sent keepalive ping
2025-07-09 07:20:45,941 DEBUG < PONG c4 98 49 fd [binary, 4 bytes]
2025-07-09 07:20:45,943 DEBUG % received keepalive pong
2025-07-09 07:21:05,711 DEBUG > TEXT '{"type":"hb"}' [13 bytes]
2025-07-09 07:21:05,726 DEBUG > PING 'I_{\x03' [text, 4 bytes]
2025-07-09 07:21:05,726 DEBUG % sent keepalive ping
2025-07-09 07:21:05,941 DEBUG < CLOSE 1000 (OK) Inactive [10 bytes]
2025-07-09 07:21:05,942 DEBUG > CLOSE 1000 (OK) Inactive [10 bytes]
2025-07-09 07:21:05,942 DEBUG = connection is CLOSING
2025-07-09 07:21:05,944 DEBUG < EOF
2025-07-09 07:21:05,944 DEBUG > EOF
2025-07-09 07:21:05,945 DEBUG = connection is CLOSED
2025-07-09 07:21:05,945 DEBUG x closing TCP connection
2025-07-09 07:21:09,016 DEBUG = connection is CONNECTING
2025-07-09 07:21:09,052 DEBUG > GET /ws HTTP/1.1
2025-07-09 07:21:09,052 DEBUG > Host: api.hyperliquid.xyz
2025-07-09 07:21:09,052 DEBUG > Upgrade: websocket
2025-07-09 07:21:09,052 DEBUG > Connection: Upgrade
2025-07-09 07:21:09,052 DEBUG > Sec-WebSocket-Key: AudpfZULv38M5Nd6Mdo+NQ==
2025-07-09 07:21:09,052 DEBUG > Sec-WebSocket-Version: 13
2025-07-09 07:21:09,052 DEBUG > Sec-WebSocket-Extensions: permessage-deflate; client_max_window_bits
2025-07-09 07:21:09,052 DEBUG > User-Agent: Python/3.13 websockets/15.0.1
2025-07-09 07:21:09,094 DEBUG < HTTP/1.1 101 Switching Protocols
2025-07-09 07:21:09,095 DEBUG < Connection: upgrade
2025-07-09 07:21:09,095 DEBUG < Server: nginx/1.22.1
2025-07-09 07:21:09,095 DEBUG < Date: Wed, 09 Jul 2025 07:21:09 GMT
2025-07-09 07:21:09,096 DEBUG < upgrade: websocket
2025-07-09 07:21:09,096 DEBUG < sec-websocket-accept: n8E+bBjNtu7P+lo+jZC71tk++04=
2025-07-09 07:21:09,096 DEBUG < access-control-allow-origin: *
2025-07-09 07:21:09,096 DEBUG < vary: origin
2025-07-09 07:21:09,096 DEBUG < vary: access-control-request-method
2025-07-09 07:21:09,096 DEBUG < vary: access-control-request-headers
2025-07-09 07:21:09,097 DEBUG < access-control-expose-headers: *
2025-07-09 07:21:09,097 DEBUG < X-Cache: Miss from cloudfront
2025-07-09 07:21:09,097 DEBUG < Via: 1.1 589ab57cbac8aa7e21a18b491187963e.cloudfront.net (CloudFront)
2025-07-09 07:21:09,097 DEBUG < X-Amz-Cf-Pop: KIX50-P1
2025-07-09 07:21:09,097 DEBUG < X-Amz-Cf-Id: S2ToM9D879G8hQAYVeuxhicqIjIY18BPSjqkRszgfq_3ZXfiAbQhIQ==
2025-07-09 07:21:09,097 DEBUG = connection is OPEN
2025-07-09 07:21:09,098 INFO [32mWS connected[0m
2025-07-09 07:21:29,109 DEBUG > PING 15 96 5f 77 [binary, 4 bytes]
2025-07-09 07:21:29,112 DEBUG % sent keepalive ping
2025-07-09 07:21:29,140 DEBUG < PONG 15 96 5f 77 [binary, 4 bytes]
2025-07-09 07:21:29,142 DEBUG % received keepalive pong
2025-07-09 07:21:39,100 DEBUG > TEXT '{"type":"hb"}' [13 bytes]
2025-07-09 07:21:39,127 DEBUG < TEXT '{"channel":"error","data":"Error parsing JSON i...{\\"type\\":\\"hb\\"}"}' [95 bytes]
2025-07-09 07:21:49,111 DEBUG > PING 69 f7 76 ee [binary, 4 bytes]
2025-07-09 07:21:49,113 DEBUG % sent keepalive ping
2025-07-09 07:21:49,221 DEBUG < PONG 69 f7 76 ee [binary, 4 bytes]
2025-07-09 07:21:49,222 DEBUG % received keepalive pong
2025-07-09 07:22:09,114 DEBUG < CLOSE 1000 (OK) Inactive [10 bytes]
2025-07-09 07:22:09,115 DEBUG > CLOSE 1000 (OK) Inactive [10 bytes]
2025-07-09 07:22:09,116 DEBUG = connection is CLOSING
2025-07-09 07:22:09,117 DEBUG < EOF
2025-07-09 07:22:09,117 DEBUG > EOF
2025-07-09 07:22:09,118 DEBUG = connection is CLOSED
2025-07-09 07:22:09,118 DEBUG x closing TCP connection
2025-07-09 07:22:12,177 DEBUG = connection is CONNECTING
2025-07-09 07:22:12,214 DEBUG > GET /ws HTTP/1.1
2025-07-09 07:22:12,214 DEBUG > Host: api.hyperliquid.xyz
2025-07-09 07:22:12,214 DEBUG > Upgrade: websocket
2025-07-09 07:22:12,214 DEBUG > Connection: Upgrade
2025-07-09 07:22:12,214 DEBUG > Sec-WebSocket-Key: 0iAG8XGgMcMaW6jHoSnLMw==
2025-07-09 07:22:12,214 DEBUG > Sec-WebSocket-Version: 13
2025-07-09 07:22:12,214 DEBUG > Sec-WebSocket-Extensions: permessage-deflate; client_max_window_bits
2025-07-09 07:22:12,214 DEBUG > User-Agent: Python/3.13 websockets/15.0.1
2025-07-09 07:22:12,263 DEBUG < HTTP/1.1 101 Switching Protocols
2025-07-09 07:22:12,264 DEBUG < Connection: upgrade
2025-07-09 07:22:12,265 DEBUG < Server: nginx/1.22.1
2025-07-09 07:22:12,265 DEBUG < Date: Wed, 09 Jul 2025 07:22:12 GMT
2025-07-09 07:22:12,265 DEBUG < upgrade: websocket
2025-07-09 07:22:12,266 DEBUG < sec-websocket-accept: +Z4EUGHCXEQgHYqhWf6pAaC1OJ4=
2025-07-09 07:22:12,266 DEBUG < access-control-allow-origin: *
2025-07-09 07:22:12,266 DEBUG < vary: origin
2025-07-09 07:22:12,267 DEBUG < vary: access-control-request-method
2025-07-09 07:22:12,268 DEBUG < vary: access-control-request-headers
2025-07-09 07:22:12,268 DEBUG < access-control-expose-headers: *
2025-07-09 07:22:12,268 DEBUG < X-Cache: Miss from cloudfront
2025-07-09 07:22:12,269 DEBUG < Via: 1.1 9bc19afe05bcec836f71bbbd15ca2c6c.cloudfront.net (CloudFront)
2025-07-09 07:22:12,269 DEBUG < X-Amz-Cf-Pop: KIX50-P1
2025-07-09 07:22:12,269 DEBUG < X-Amz-Cf-Id: 4-aeOmGQYFarBCnmv8E5siz3dMQgtVpoVpPEBGzZB4zzM1RQyaZE_Q==
2025-07-09 07:22:12,269 DEBUG = connection is OPEN
2025-07-09 07:22:12,271 INFO [32mWS connected[0m
2025-07-09 07:22:32,282 DEBUG > PING f5 d5 74 cd [binary, 4 bytes]
2025-07-09 07:22:32,285 DEBUG % sent keepalive ping
2025-07-09 07:22:32,311 DEBUG < PONG f5 d5 74 cd [binary, 4 bytes]
2025-07-09 07:22:32,313 DEBUG % received keepalive pong
2025-07-09 07:22:42,283 DEBUG > TEXT '{"type":"hb"}' [13 bytes]
2025-07-09 07:22:42,313 DEBUG < TEXT '{"channel":"error","data":"Error parsing JSON i...{\\"type\\":\\"hb\\"}"}' [95 bytes]
2025-07-09 07:22:52,288 DEBUG > PING 8d bb 83 fb [binary, 4 bytes]
2025-07-09 07:22:52,288 DEBUG % sent keepalive ping
2025-07-09 07:22:52,313 DEBUG < PONG 8d bb 83 fb [binary, 4 bytes]
2025-07-09 07:22:52,313 DEBUG % received keepalive pong
2025-07-09 07:23:12,299 DEBUG > TEXT '{"type":"hb"}' [13 bytes]
2025-07-09 07:23:12,301 DEBUG > PING 87 4e d8 b0 [binary, 4 bytes]
2025-07-09 07:23:12,303 DEBUG % sent keepalive ping
2025-07-09 07:23:12,326 DEBUG < TEXT '{"channel":"error","data":"Error parsing JSON i...{\\"type\\":\\"hb\\"}"}' [95 bytes]
2025-07-09 07:23:12,348 DEBUG < PONG 87 4e d8 b0 [binary, 4 bytes]
2025-07-09 07:23:12,349 DEBUG % received keepalive pong
2025-07-09 07:23:12,363 DEBUG < CLOSE 1000 (OK) Inactive [10 bytes]
2025-07-09 07:23:12,364 DEBUG > CLOSE 1000 (OK) Inactive [10 bytes]
2025-07-09 07:23:12,365 DEBUG = connection is CLOSING
2025-07-09 07:23:12,367 DEBUG < EOF
2025-07-09 07:23:12,367 DEBUG > EOF
2025-07-09 07:23:12,368 DEBUG = connection is CLOSED
2025-07-09 07:23:12,368 DEBUG x closing TCP connection
2025-07-09 07:23:15,440 DEBUG = connection is CONNECTING
2025-07-09 07:23:15,478 DEBUG > GET /ws HTTP/1.1
2025-07-09 07:23:15,478 DEBUG > Host: api.hyperliquid.xyz
2025-07-09 07:23:15,479 DEBUG > Upgrade: websocket
2025-07-09 07:23:15,479 DEBUG > Connection: Upgrade
2025-07-09 07:23:15,479 DEBUG > Sec-WebSocket-Key: IZZXmhCuaDJIoaFhvauZuA==
2025-07-09 07:23:15,479 DEBUG > Sec-WebSocket-Version: 13
2025-07-09 07:23:15,479 DEBUG > Sec-WebSocket-Extensions: permessage-deflate; client_max_window_bits
2025-07-09 07:23:15,479 DEBUG > User-Agent: Python/3.13 websockets/15.0.1
2025-07-09 07:23:15,525 DEBUG < HTTP/1.1 101 Switching Protocols
2025-07-09 07:23:15,525 DEBUG < Connection: upgrade
2025-07-09 07:23:15,526 DEBUG < Server: nginx/1.22.1
2025-07-09 07:23:15,526 DEBUG < Date: Wed, 09 Jul 2025 07:23:15 GMT
2025-07-09 07:23:15,526 DEBUG < upgrade: websocket
2025-07-09 07:23:15,527 DEBUG < sec-websocket-accept: uRoyD62q7yIR0/GUhZ2Vzl1JkiY=
2025-07-09 07:23:15,527 DEBUG < access-control-allow-origin: *
2025-07-09 07:23:15,527 DEBUG < vary: origin
2025-07-09 07:23:15,527 DEBUG < vary: access-control-request-method
2025-07-09 07:23:15,527 DEBUG < vary: access-control-request-headers
2025-07-09 07:23:15,528 DEBUG < access-control-expose-headers: *
2025-07-09 07:23:15,528 DEBUG < X-Cache: Miss from cloudfront
2025-07-09 07:23:15,528 DEBUG < Via: 1.1 143a0366264891ba45115988d1b33ba2.cloudfront.net (CloudFront)
2025-07-09 07:23:15,528 DEBUG < X-Amz-Cf-Pop: KIX50-P1
2025-07-09 07:23:15,528 DEBUG < X-Amz-Cf-Id: H1SsVEq6vvAOGQ5apgIQnqtJ1pqnL64VQw-KohSEDzBj1RbFij1vcQ==
2025-07-09 07:23:15,529 DEBUG = connection is OPEN
2025-07-09 07:23:15,529 INFO [32mWS connected[0m
2025-07-09 07:23:35,535 DEBUG > PING a2 96 d2 e2 [binary, 4 bytes]
2025-07-09 07:23:35,538 DEBUG % sent keepalive ping
2025-07-09 07:23:35,560 DEBUG < PONG a2 96 d2 e2 [binary, 4 bytes]
2025-07-09 07:23:35,561 DEBUG % received keepalive pong
2025-07-09 07:23:45,531 DEBUG > TEXT '{"type":"hb"}' [13 bytes]
2025-07-09 07:23:45,691 DEBUG < TEXT '{"channel":"error","data":"Error parsing JSON i...{\\"type\\":\\"hb\\"}"}' [95 bytes]
2025-07-09 07:23:55,548 DEBUG > PING de 10 a7 8e [binary, 4 bytes]
2025-07-09 07:23:55,550 DEBUG % sent keepalive ping
2025-07-09 07:23:55,595 DEBUG < PONG de 10 a7 8e [binary, 4 bytes]
2025-07-09 07:23:55,596 DEBUG % received keepalive pong
2025-07-09 07:24:15,548 DEBUG > TEXT '{"type":"hb"}' [13 bytes]
2025-07-09 07:24:15,551 DEBUG > PING c1 41 d7 4a [binary, 4 bytes]
2025-07-09 07:24:15,552 DEBUG % sent keepalive ping
2025-07-09 07:24:15,656 DEBUG < TEXT '{"channel":"error","data":"Error parsing JSON i...{\\"type\\":\\"hb\\"}"}' [95 bytes]
2025-07-09 07:24:15,657 DEBUG < CLOSE 1000 (OK) Inactive [10 bytes]
2025-07-09 07:24:15,658 DEBUG > CLOSE 1000 (OK) Inactive [10 bytes]
2025-07-09 07:24:15,659 DEBUG = connection is CLOSING
2025-07-09 07:24:15,660 DEBUG < EOF
2025-07-09 07:24:15,660 DEBUG > EOF
2025-07-09 07:24:15,661 DEBUG = connection is CLOSED
2025-07-09 07:24:15,661 DEBUG x closing TCP connection
2025-07-09 07:24:18,726 DEBUG = connection is CONNECTING
2025-07-09 07:24:18,767 DEBUG > GET /ws HTTP/1.1
2025-07-09 07:24:18,768 DEBUG > Host: api.hyperliquid.xyz
2025-07-09 07:24:18,768 DEBUG > Upgrade: websocket
2025-07-09 07:24:18,768 DEBUG > Connection: Upgrade
2025-07-09 07:24:18,768 DEBUG > Sec-WebSocket-Key: 8o4RiHCDAwl5p9IlrGZR1Q==
2025-07-09 07:24:18,768 DEBUG > Sec-WebSocket-Version: 13
2025-07-09 07:24:18,768 DEBUG > Sec-WebSocket-Extensions: permessage-deflate; client_max_window_bits
2025-07-09 07:24:18,768 DEBUG > User-Agent: Python/3.13 websockets/15.0.1
2025-07-09 07:24:18,816 DEBUG < HTTP/1.1 101 Switching Protocols
2025-07-09 07:24:18,816 DEBUG < Connection: upgrade
2025-07-09 07:24:18,817 DEBUG < Server: nginx/1.22.1
2025-07-09 07:24:18,817 DEBUG < Date: Wed, 09 Jul 2025 07:24:18 GMT
2025-07-09 07:24:18,817 DEBUG < upgrade: websocket
2025-07-09 07:24:18,818 DEBUG < sec-websocket-accept: 0jjT7kO8BJ2o2r/948KOYLOg7JU=
2025-07-09 07:24:18,818 DEBUG < access-control-allow-origin: *
2025-07-09 07:24:18,818 DEBUG < vary: origin
2025-07-09 07:24:18,818 DEBUG < vary: access-control-request-method
2025-07-09 07:24:18,819 DEBUG < vary: access-control-request-headers
2025-07-09 07:24:18,819 DEBUG < access-control-expose-headers: *
2025-07-09 07:24:18,819 DEBUG < X-Cache: Miss from cloudfront
2025-07-09 07:24:18,819 DEBUG < Via: 1.1 ed8cc7eba7c18d2bee60e1a252622756.cloudfront.net (CloudFront)
2025-07-09 07:24:18,820 DEBUG < X-Amz-Cf-Pop: KIX50-P1
2025-07-09 07:24:18,820 DEBUG < X-Amz-Cf-Id: vythMir3h7qJ4__iCRcOhX2N2t3CycWy0Ubc2hoySHFuljk7SRwV4A==
2025-07-09 07:24:18,820 DEBUG = connection is OPEN
2025-07-09 07:24:18,821 INFO [32mWS connected[0m
2025-07-09 07:24:38,832 DEBUG > PING d6 57 ed b4 [binary, 4 bytes]
2025-07-09 07:24:38,834 DEBUG % sent keepalive ping
2025-07-09 07:24:38,856 DEBUG < PONG d6 57 ed b4 [binary, 4 bytes]
2025-07-09 07:24:38,857 DEBUG % received keepalive pong
2025-07-09 07:24:48,830 DEBUG > TEXT '{"type":"hb"}' [13 bytes]
2025-07-09 07:24:48,899 DEBUG < TEXT '{"channel":"error","data":"Error parsing JSON i...{\\"type\\":\\"hb\\"}"}' [95 bytes]
2025-07-09 07:24:58,834 DEBUG > PING e2 93 6d a9 [binary, 4 bytes]
2025-07-09 07:24:58,834 DEBUG % sent keepalive ping
2025-07-09 07:24:58,865 DEBUG < PONG e2 93 6d a9 [binary, 4 bytes]
2025-07-09 07:24:58,865 DEBUG % received keepalive pong
2025-07-09 07:25:18,845 DEBUG > TEXT '{"type":"hb"}' [13 bytes]
2025-07-09 07:25:18,847 DEBUG > PING 4e fa bc a7 [binary, 4 bytes]
2025-07-09 07:25:18,848 DEBUG % sent keepalive ping
2025-07-09 07:25:18,872 DEBUG < TEXT '{"channel":"error","data":"Error parsing JSON i...{\\"type\\":\\"hb\\"}"}' [95 bytes]
2025-07-09 07:25:18,914 DEBUG < PONG 4e fa bc a7 [binary, 4 bytes]
2025-07-09 07:25:18,915 DEBUG % received keepalive pong
2025-07-09 07:25:19,999 DEBUG < CLOSE 1000 (OK) Inactive [10 bytes]
2025-07-09 07:25:19,000 DEBUG > CLOSE 1000 (OK) Inactive [10 bytes]
2025-07-09 07:25:19,000 DEBUG = connection is CLOSING
2025-07-09 07:25:19,001 DEBUG < EOF
2025-07-09 07:25:19,001 DEBUG > EOF
2025-07-09 07:25:19,001 DEBUG = connection is CLOSED
2025-07-09 07:25:19,002 DEBUG x closing TCP connection
2025-07-09 07:25:22,058 DEBUG = connection is CONNECTING
2025-07-09 07:25:22,096 DEBUG > GET /ws HTTP/1.1
2025-07-09 07:25:22,097 DEBUG > Host: api.hyperliquid.xyz
2025-07-09 07:25:22,097 DEBUG > Upgrade: websocket
2025-07-09 07:25:22,097 DEBUG > Connection: Upgrade
2025-07-09 07:25:22,097 DEBUG > Sec-WebSocket-Key: 6X76qgdmqZ8+iDpeghOpzQ==
2025-07-09 07:25:22,097 DEBUG > Sec-WebSocket-Version: 13
2025-07-09 07:25:22,097 DEBUG > Sec-WebSocket-Extensions: permessage-deflate; client_max_window_bits
2025-07-09 07:25:22,097 DEBUG > User-Agent: Python/3.13 websockets/15.0.1
2025-07-09 07:25:22,142 DEBUG < HTTP/1.1 101 Switching Protocols
2025-07-09 07:25:22,143 DEBUG < Connection: upgrade
2025-07-09 07:25:22,143 DEBUG < Server: nginx/1.22.1
2025-07-09 07:25:22,143 DEBUG < Date: Wed, 09 Jul 2025 07:25:22 GMT
2025-07-09 07:25:22,144 DEBUG < upgrade: websocket
2025-07-09 07:25:22,145 DEBUG < sec-websocket-accept: Dq/JPx5FL3fb4MGGiqUk9o5OV8Q=
2025-07-09 07:25:22,145 DEBUG < access-control-allow-origin: *
2025-07-09 07:25:22,145 DEBUG < vary: origin
2025-07-09 07:25:22,146 DEBUG < vary: access-control-request-method
2025-07-09 07:25:22,146 DEBUG < vary: access-control-request-headers
2025-07-09 07:25:22,146 DEBUG < access-control-expose-headers: *
2025-07-09 07:25:22,147 DEBUG < X-Cache: Miss from cloudfront
2025-07-09 07:25:22,147 DEBUG < Via: 1.1 90f286cf03f0767d6250b97c9195c2a4.cloudfront.net (CloudFront)
2025-07-09 07:25:22,147 DEBUG < X-Amz-Cf-Pop: KIX50-P1
2025-07-09 07:25:22,147 DEBUG < X-Amz-Cf-Id: e_IbbmVoVON6VWs1EuWYbhzE6EiWLXQiP0kQ4DbZdGUMxOZhmoTW_A==
2025-07-09 07:25:22,148 DEBUG = connection is OPEN
2025-07-09 07:25:22,149 INFO [32mWS connected[0m
2025-07-09 07:25:42,155 DEBUG > PING 81 4a dc aa [binary, 4 bytes]
2025-07-09 07:25:42,157 DEBUG % sent keepalive ping
2025-07-09 07:25:42,193 DEBUG < PONG 81 4a dc aa [binary, 4 bytes]
2025-07-09 07:25:42,194 DEBUG % received keepalive pong
2025-07-09 07:25:52,158 DEBUG > TEXT '{"type":"hb"}' [13 bytes]
2025-07-09 07:25:52,183 DEBUG < TEXT '{"channel":"error","data":"Error parsing JSON i...{\\"type\\":\\"hb\\"}"}' [95 bytes]
2025-07-09 07:26:02,165 DEBUG > PING 61 36 f5 17 [binary, 4 bytes]
2025-07-09 07:26:02,167 DEBUG % sent keepalive ping
2025-07-09 07:26:02,191 DEBUG < PONG 61 36 f5 17 [binary, 4 bytes]
2025-07-09 07:26:02,192 DEBUG % received keepalive pong
2025-07-09 07:26:22,172 DEBUG > TEXT '{"type":"hb"}' [13 bytes]
2025-07-09 07:26:22,175 DEBUG > PING 67 e5 06 d4 [binary, 4 bytes]
2025-07-09 07:26:22,176 DEBUG % sent keepalive ping
2025-07-09 07:26:22,202 DEBUG < TEXT '{"channel":"error","data":"Error parsing JSON i...{\\"type\\":\\"hb\\"}"}' [95 bytes]
2025-07-09 07:26:22,210 DEBUG < CLOSE 1000 (OK) Inactive [10 bytes]
2025-07-09 07:26:22,211 DEBUG > CLOSE 1000 (OK) Inactive [10 bytes]
2025-07-09 07:26:22,212 DEBUG = connection is CLOSING
2025-07-09 07:26:22,214 DEBUG < EOF
2025-07-09 07:26:22,215 DEBUG > EOF
2025-07-09 07:26:22,215 DEBUG = connection is CLOSED
2025-07-09 07:26:22,216 DEBUG x closing TCP connection
2025-07-09 07:26:25,309 DEBUG = connection is CONNECTING
2025-07-09 07:26:25,352 DEBUG > GET /ws HTTP/1.1
2025-07-09 07:26:25,352 DEBUG > Host: api.hyperliquid.xyz
2025-07-09 07:26:25,352 DEBUG > Upgrade: websocket
2025-07-09 07:26:25,353 DEBUG > Connection: Upgrade
2025-07-09 07:26:25,353 DEBUG > Sec-WebSocket-Key: 7onkEeDRj3qMCEclbkTERA==
2025-07-09 07:26:25,353 DEBUG > Sec-WebSocket-Version: 13
2025-07-09 07:26:25,353 DEBUG > Sec-WebSocket-Extensions: permessage-deflate; client_max_window_bits
2025-07-09 07:26:25,353 DEBUG > User-Agent: Python/3.13 websockets/15.0.1
2025-07-09 07:26:25,401 DEBUG < HTTP/1.1 101 Switching Protocols
2025-07-09 07:26:25,402 DEBUG < Connection: upgrade
2025-07-09 07:26:25,403 DEBUG < Server: nginx/1.22.1
2025-07-09 07:26:25,403 DEBUG < Date: Wed, 09 Jul 2025 07:26:25 GMT
2025-07-09 07:26:25,403 DEBUG < upgrade: websocket
2025-07-09 07:26:25,404 DEBUG < sec-websocket-accept: uuJjr+sBgQ9QgN8pRN8/R2B+5Gg=
2025-07-09 07:26:25,404 DEBUG < access-control-allow-origin: *
2025-07-09 07:26:25,404 DEBUG < vary: origin
2025-07-09 07:26:25,405 DEBUG < vary: access-control-request-method
2025-07-09 07:26:25,406 DEBUG < vary: access-control-request-headers
2025-07-09 07:26:25,406 DEBUG < access-control-expose-headers: *
2025-07-09 07:26:25,406 DEBUG < X-Cache: Miss from cloudfront
2025-07-09 07:26:25,407 DEBUG < Via: 1.1 8bfd7d161f8ed71385d438a588190388.cloudfront.net (CloudFront)
2025-07-09 07:26:25,407 DEBUG < X-Amz-Cf-Pop: KIX50-P1
2025-07-09 07:26:25,407 DEBUG < X-Amz-Cf-Id: J9lIl6pen3mcQwFEZPU7WSjR_DhjfXPUKv4dHebEQfxXVi3bpF3-1A==
2025-07-09 07:26:25,408 DEBUG = connection is OPEN
2025-07-09 07:26:25,408 INFO [32mWS connected[0m
2025-07-09 07:26:45,415 DEBUG > PING 7b f5 6f 56 [binary, 4 bytes]
2025-07-09 07:26:45,416 DEBUG % sent keepalive ping
2025-07-09 07:26:45,441 DEBUG < PONG 7b f5 6f 56 [binary, 4 bytes]
2025-07-09 07:26:45,441 DEBUG % received keepalive pong
2025-07-09 07:26:55,426 DEBUG > TEXT '{"type":"hb"}' [13 bytes]
2025-07-09 07:26:55,450 DEBUG < TEXT '{"channel":"error","data":"Error parsing JSON i...{\\"type\\":\\"hb\\"}"}' [95 bytes]
2025-07-09 07:27:05,421 DEBUG > PING 45 ad 93 5b [binary, 4 bytes]
2025-07-09 07:27:05,421 DEBUG % sent keepalive ping
2025-07-09 07:27:05,508 DEBUG < PONG 45 ad 93 5b [binary, 4 bytes]
2025-07-09 07:27:05,509 DEBUG % received keepalive pong
2025-07-09 07:27:25,426 DEBUG > PING fa c8 50 4e [binary, 4 bytes]
2025-07-09 07:27:25,427 DEBUG % sent keepalive ping
2025-07-09 07:27:25,441 DEBUG > TEXT '{"type":"hb"}' [13 bytes]
2025-07-09 07:27:25,442 DEBUG < CLOSE 1000 (OK) Inactive [10 bytes]
2025-07-09 07:27:25,442 DEBUG > CLOSE 1000 (OK) Inactive [10 bytes]
2025-07-09 07:27:25,442 DEBUG = connection is CLOSING
2025-07-09 07:27:25,442 DEBUG < EOF
2025-07-09 07:27:25,443 DEBUG > EOF
2025-07-09 07:27:25,443 DEBUG = connection is CLOSED
2025-07-09 07:27:25,443 DEBUG x closing TCP connection
2025-07-09 07:27:28,494 DEBUG = connection is CONNECTING
2025-07-09 07:27:28,529 DEBUG > GET /ws HTTP/1.1
2025-07-09 07:27:28,529 DEBUG > Host: api.hyperliquid.xyz
2025-07-09 07:27:28,529 DEBUG > Upgrade: websocket
2025-07-09 07:27:28,529 DEBUG > Connection: Upgrade
2025-07-09 07:27:28,529 DEBUG > Sec-WebSocket-Key: HwIlnU9X5k2nrIlf5HsvNg==
2025-07-09 07:27:28,529 DEBUG > Sec-WebSocket-Version: 13
2025-07-09 07:27:28,529 DEBUG > Sec-WebSocket-Extensions: permessage-deflate; client_max_window_bits
2025-07-09 07:27:28,529 DEBUG > User-Agent: Python/3.13 websockets/15.0.1
2025-07-09 07:27:28,575 DEBUG < HTTP/1.1 101 Switching Protocols
2025-07-09 07:27:28,575 DEBUG < Connection: upgrade
2025-07-09 07:27:28,575 DEBUG < Server: nginx/1.22.1
2025-07-09 07:27:28,575 DEBUG < Date: Wed, 09 Jul 2025 07:27:28 GMT
2025-07-09 07:27:28,575 DEBUG < upgrade: websocket
2025-07-09 07:27:28,576 DEBUG < sec-websocket-accept: JjKvg0VNpmEaHGUV9Bhiw7Kqp1g=
2025-07-09 07:27:28,576 DEBUG < access-control-allow-origin: *
2025-07-09 07:27:28,576 DEBUG < vary: origin
2025-07-09 07:27:28,576 DEBUG < vary: access-control-request-method
2025-07-09 07:27:28,576 DEBUG < vary: access-control-request-headers
2025-07-09 07:27:28,576 DEBUG < access-control-expose-headers: *
2025-07-09 07:27:28,576 DEBUG < X-Cache: Miss from cloudfront
2025-07-09 07:27:28,576 DEBUG < Via: 1.1 070be9d4af595ff03c844589cbe01620.cloudfront.net (CloudFront)
2025-07-09 07:27:28,576 DEBUG < X-Amz-Cf-Pop: KIX50-P1
2025-07-09 07:27:28,576 DEBUG < X-Amz-Cf-Id: OR9gs0mkGc2HtaHGHWO_deiBj6TsyfREJZlAliYeSWGHWqVqrAyOow==
2025-07-09 07:27:28,576 DEBUG = connection is OPEN
2025-07-09 07:29:08,787 INFO [32mPFPLStrategy initialised with {'mode': 'both', 'testnet': False, 'target_symbol': 'BTC-PERP', 'fair_feed': 'indexPrices', 'spread_threshold': 0.05, 'threshold': 1.0, 'threshold_pct': 0.03, 'cooldown_sec': 1.0, 'max_order_per_sec': 3, 'order_usd': 10, 'max_position_usd': 100, 'min_usd': 5, 'dry_run': False, 'log_level': 'INFO', 'heartbeat_sec': 30}[0m
2025-07-09 07:29:08,820 DEBUG https://api.hyperliquid.xyz:443 "POST /info HTTP/1.1" 200 309
2025-07-09 07:29:08,821 DEBUG pos_usd refreshed: 0.00
2025-07-09 07:29:08,904 DEBUG https://api.hyperliquid.xyz:443 "POST /info HTTP/1.1" 200 309
2025-07-09 07:29:08,905 DEBUG pos_usd refreshed: 0.00
2025-07-09 07:29:08,935 DEBUG https://api.hyperliquid.xyz:443 "POST /info HTTP/1.1" 200 309
2025-07-09 07:29:08,937 DEBUG pos_usd refreshed: 0.00
2025-07-09 07:29:08,981 DEBUG = connection is CONNECTING
2025-07-09 07:29:09,014 DEBUG > GET /ws HTTP/1.1
2025-07-09 07:29:09,014 DEBUG > Host: api.hyperliquid.xyz
2025-07-09 07:29:09,014 DEBUG > Upgrade: websocket
2025-07-09 07:29:09,014 DEBUG > Connection: Upgrade
2025-07-09 07:29:09,014 DEBUG > Sec-WebSocket-Key: mYROLb4U5tTiyciQdfhfSg==
2025-07-09 07:29:09,014 DEBUG > Sec-WebSocket-Version: 13
2025-07-09 07:29:09,014 DEBUG > Sec-WebSocket-Extensions: permessage-deflate; client_max_window_bits
2025-07-09 07:29:09,014 DEBUG > User-Agent: Python/3.13 websockets/15.0.1
2025-07-09 07:29:09,061 DEBUG < HTTP/1.1 101 Switching Protocols
2025-07-09 07:29:09,062 DEBUG < Connection: upgrade
2025-07-09 07:29:09,062 DEBUG < Server: nginx/1.22.1
2025-07-09 07:29:09,062 DEBUG < Date: Wed, 09 Jul 2025 07:29:09 GMT
2025-07-09 07:29:09,062 DEBUG < upgrade: websocket
2025-07-09 07:29:09,063 DEBUG < sec-websocket-accept: 1npQXqgl0CrJq8EzJFOIFBfhIc0=
2025-07-09 07:29:09,063 DEBUG < access-control-allow-origin: *
2025-07-09 07:29:09,063 DEBUG < vary: origin
2025-07-09 07:29:09,063 DEBUG < vary: access-control-request-method
2025-07-09 07:29:09,063 DEBUG < vary: access-control-request-headers
2025-07-09 07:29:09,064 DEBUG < access-control-expose-headers: *
2025-07-09 07:29:09,064 DEBUG < X-Cache: Miss from cloudfront
2025-07-09 07:29:09,064 DEBUG < Via: 1.1 6f829fd5f4986144adb37b6a46c04276.cloudfront.net (CloudFront)
2025-07-09 07:29:09,064 DEBUG < X-Amz-Cf-Pop: KIX50-P1
2025-07-09 07:29:09,064 DEBUG < X-Amz-Cf-Id: HHuAr3HnZOsvBJxWw43avi0i36HUsomWAlhuMJTZtAOiV571vOPE2A==
2025-07-09 07:29:09,065 DEBUG = connection is OPEN
2025-07-09 07:29:09,065 INFO [32mWS connected[0m
2025-07-09 07:29:09,066 DEBUG > TEXT '{"method": "subscribe", "subscription": {"type": "allMids"}}' [60 bytes]
2025-07-09 07:29:09,067 DEBUG Subscribed allMids
2025-07-09 07:29:09,068 DEBUG > TEXT '{"method": "subscribe", "subscription": {"type": "indexPrices"}}' [64 bytes]
2025-07-09 07:29:09,068 DEBUG Subscribed indexPrices
2025-07-09 07:29:09,089 DEBUG < TEXT '{"channel":"subscriptionResponse","data":{"meth...n":{"type":"allMids"}}}' [98 bytes]
2025-07-09 07:29:09,116 DEBUG < TEXT '{"channel":"error","data":"Error parsing JSON i...: \\"indexPrices\\"}}"}' [152 bytes]
2025-07-09 07:29:09,592 DEBUG < TEXT '{"channel":"allMids","data":{"mids":{"@1":"26.5...","kSHIB":"0.011924"}}}' [6747 bytes]
2025-07-09 07:29:09,596 DEBUG > CLOSE 1000 (OK) [2 bytes]
2025-07-09 07:29:09,596 DEBUG = connection is CLOSING
2025-07-09 07:29:09,654 DEBUG < EOF
2025-07-09 07:29:09,655 DEBUG < EOF
2025-07-09 07:29:09,655 DEBUG > EOF
2025-07-09 07:29:09,656 DEBUG = connection is CLOSED
2025-07-09 07:29:09,656 DEBUG x closing TCP connection
2025-07-09 07:29:09,659 WARNING [33mWS disconnected: 'PFPLStrategy' object has no attribute 'fair'[0m
2025-07-09 07:29:12,695 DEBUG = connection is CONNECTING
2025-07-09 07:29:12,768 DEBUG > GET /ws HTTP/1.1
2025-07-09 07:29:12,768 DEBUG > Host: api.hyperliquid.xyz
2025-07-09 07:29:12,769 DEBUG > Upgrade: websocket
2025-07-09 07:29:12,769 DEBUG > Connection: Upgrade
2025-07-09 07:29:12,769 DEBUG > Sec-WebSocket-Key: UQ8dZBPPDs5snIwzrpyfRw==
2025-07-09 07:29:12,769 DEBUG > Sec-WebSocket-Version: 13
2025-07-09 07:29:12,769 DEBUG > Sec-WebSocket-Extensions: permessage-deflate; client_max_window_bits
2025-07-09 07:29:12,770 DEBUG > User-Agent: Python/3.13 websockets/15.0.1
2025-07-09 07:29:12,815 DEBUG < HTTP/1.1 101 Switching Protocols
2025-07-09 07:29:12,816 DEBUG < Connection: upgrade
2025-07-09 07:29:12,817 DEBUG < Server: nginx/1.22.1
2025-07-09 07:29:12,817 DEBUG < Date: Wed, 09 Jul 2025 07:29:12 GMT
2025-07-09 07:29:12,818 DEBUG < upgrade: websocket
2025-07-09 07:29:12,818 DEBUG < sec-websocket-accept: d2p1HsOQ58sMxn5+xgCu17XDEEs=
2025-07-09 07:29:12,818 DEBUG < access-control-allow-origin: *
2025-07-09 07:29:12,818 DEBUG < vary: origin
2025-07-09 07:29:12,819 DEBUG < vary: access-control-request-method
2025-07-09 07:29:12,819 DEBUG < vary: access-control-request-headers
2025-07-09 07:29:12,819 DEBUG < access-control-expose-headers: *
2025-07-09 07:29:12,820 DEBUG < X-Cache: Miss from cloudfront
2025-07-09 07:29:12,820 DEBUG < Via: 1.1 2c5f4a32635d9f45a7016240d26f6e74.cloudfront.net (CloudFront)
2025-07-09 07:29:12,820 DEBUG < X-Amz-Cf-Pop: KIX50-P1
2025-07-09 07:29:12,820 DEBUG < X-Amz-Cf-Id: zKFs7dtNtjHEw4y5sp9VCT5ILJlMAOY-uN-wuVS112qEZuBhcAmjQQ==
2025-07-09 07:29:12,821 DEBUG = connection is OPEN
2025-07-09 07:29:12,821 INFO [32mWS connected[0m
2025-07-09 07:29:12,822 DEBUG > TEXT '{"method": "subscribe", "subscription": {"type": "allMids"}}' [60 bytes]
2025-07-09 07:29:12,823 DEBUG > TEXT '{"method": "subscribe", "subscription": {"type": "indexPrices"}}' [64 bytes]
2025-07-09 07:29:12,859 DEBUG < TEXT '{"channel":"subscriptionResponse","data":{"meth...n":{"type":"allMids"}}}' [98 bytes]
2025-07-09 07:29:12,882 DEBUG < TEXT '{"channel":"error","data":"Error parsing JSON i...: \\"indexPrices\\"}}"}' [152 bytes]
2025-07-09 07:29:13,696 DEBUG < TEXT '{"channel":"allMids","data":{"mids":{"@1":"26.5...","kSHIB":"0.011924"}}}' [6742 bytes]
2025-07-09 07:29:13,698 DEBUG > CLOSE 1000 (OK) [2 bytes]
2025-07-09 07:29:13,698 DEBUG = connection is CLOSING
2025-07-09 07:29:13,750 DEBUG < EOF
2025-07-09 07:29:13,751 DEBUG < EOF
2025-07-09 07:29:13,751 DEBUG > EOF
2025-07-09 07:29:13,752 DEBUG = connection is CLOSED
2025-07-09 07:29:13,752 DEBUG x closing TCP connection
2025-07-09 07:29:13,753 WARNING [33mWS disconnected: 'PFPLStrategy' object has no attribute 'fair'[0m
2025-07-09 07:29:16,947 DEBUG = connection is CONNECTING
2025-07-09 07:29:16,986 DEBUG > GET /ws HTTP/1.1
2025-07-09 07:29:16,987 DEBUG > Host: api.hyperliquid.xyz
2025-07-09 07:29:16,987 DEBUG > Upgrade: websocket
2025-07-09 07:29:16,987 DEBUG > Connection: Upgrade
2025-07-09 07:29:16,987 DEBUG > Sec-WebSocket-Key: z1WMxXL9Yww42bAYlG4q6A==
2025-07-09 07:29:16,987 DEBUG > Sec-WebSocket-Version: 13
2025-07-09 07:29:16,987 DEBUG > Sec-WebSocket-Extensions: permessage-deflate; client_max_window_bits
2025-07-09 07:29:16,987 DEBUG > User-Agent: Python/3.13 websockets/15.0.1
2025-07-09 07:29:17,033 DEBUG < HTTP/1.1 101 Switching Protocols
2025-07-09 07:29:17,033 DEBUG < Connection: upgrade
2025-07-09 07:29:17,034 DEBUG < Server: nginx/1.22.1
2025-07-09 07:29:17,034 DEBUG < Date: Wed, 09 Jul 2025 07:29:17 GMT
2025-07-09 07:29:17,034 DEBUG < upgrade: websocket
2025-07-09 07:29:17,035 DEBUG < sec-websocket-accept: QuMItUefNNcRX8ZOzQfW6qbBCIs=
2025-07-09 07:29:17,035 DEBUG < access-control-allow-origin: *
2025-07-09 07:29:17,035 DEBUG < vary: origin
2025-07-09 07:29:17,035 DEBUG < vary: access-control-request-method
2025-07-09 07:29:17,036 DEBUG < vary: access-control-request-headers
2025-07-09 07:29:17,036 DEBUG < access-control-expose-headers: *
2025-07-09 07:29:17,036 DEBUG < X-Cache: Miss from cloudfront
2025-07-09 07:29:17,037 DEBUG < Via: 1.1 ec443160a52d687e8862093943ec6004.cloudfront.net (CloudFront)
2025-07-09 07:29:17,037 DEBUG < X-Amz-Cf-Pop: KIX50-P1
2025-07-09 07:29:17,038 DEBUG < X-Amz-Cf-Id: QNH_O5Xa6RmdWRlhopZc3W1tyT0XKyWWOGcGULaDQw5tFJRLaZLOlg==
2025-07-09 07:29:17,038 DEBUG = connection is OPEN
2025-07-09 07:29:17,039 INFO [32mWS connected[0m
2025-07-09 07:29:17,040 DEBUG > TEXT '{"method": "subscribe", "subscription": {"type": "allMids"}}' [60 bytes]
2025-07-09 07:29:17,041 DEBUG > TEXT '{"method": "subscribe", "subscription": {"type": "indexPrices"}}' [64 bytes]
2025-07-09 07:29:17,063 DEBUG < TEXT '{"channel":"subscriptionResponse","data":{"meth...n":{"type":"allMids"}}}' [98 bytes]
2025-07-09 07:29:17,086 DEBUG < TEXT '{"channel":"error","data":"Error parsing JSON i...: \\"indexPrices\\"}}"}' [152 bytes]
2025-07-09 07:29:17,682 DEBUG < TEXT '{"channel":"allMids","data":{"mids":{"@1":"26.5...","kSHIB":"0.011924"}}}' [6744 bytes]
2025-07-09 07:29:17,683 DEBUG > CLOSE 1000 (OK) [2 bytes]
2025-07-09 07:29:17,683 DEBUG = connection is CLOSING
2025-07-09 07:29:17,707 DEBUG < EOF
2025-07-09 07:29:17,707 DEBUG < EOF
2025-07-09 07:29:17,708 DEBUG > EOF
2025-07-09 07:29:17,708 DEBUG = connection is CLOSED
2025-07-09 07:29:17,708 DEBUG x closing TCP connection
2025-07-09 07:29:17,710 WARNING [33mWS disconnected: 'PFPLStrategy' object has no attribute 'fair'[0m
2025-07-09 07:29:20,739 DEBUG = connection is CONNECTING
2025-07-09 07:29:20,809 DEBUG > GET /ws HTTP/1.1
2025-07-09 07:29:20,809 DEBUG > Host: api.hyperliquid.xyz
2025-07-09 07:29:20,809 DEBUG > Upgrade: websocket
2025-07-09 07:29:20,809 DEBUG > Connection: Upgrade
2025-07-09 07:29:20,809 DEBUG > Sec-WebSocket-Key: qvFd4KLpQakhQcYPe23cog==
2025-07-09 07:29:20,809 DEBUG > Sec-WebSocket-Version: 13
2025-07-09 07:29:20,809 DEBUG > Sec-WebSocket-Extensions: permessage-deflate; client_max_window_bits
2025-07-09 07:29:20,809 DEBUG > User-Agent: Python/3.13 websockets/15.0.1
2025-07-09 07:29:20,853 DEBUG < HTTP/1.1 101 Switching Protocols
2025-07-09 07:29:20,854 DEBUG < Connection: upgrade
2025-07-09 07:29:20,854 DEBUG < Server: nginx/1.22.1
2025-07-09 07:29:20,854 DEBUG < Date: Wed, 09 Jul 2025 07:29:20 GMT
2025-07-09 07:29:20,854 DEBUG < upgrade: websocket
2025-07-09 07:29:20,854 DEBUG < sec-websocket-accept: MmHMvnRWqMd4wiV82nLNYtPD3Do=
2025-07-09 07:29:20,854 DEBUG < access-control-allow-origin: *
2025-07-09 07:29:20,855 DEBUG < vary: origin
2025-07-09 07:29:20,855 DEBUG < vary: access-control-request-method
2025-07-09 07:29:20,855 DEBUG < vary: access-control-request-headers
2025-07-09 07:29:20,855 DEBUG < access-control-expose-headers: *
2025-07-09 07:29:20,855 DEBUG < X-Cache: Miss from cloudfront
2025-07-09 07:29:20,855 DEBUG < Via: 1.1 cc4a5996391aadf47897f2efba29a802.cloudfront.net (CloudFront)
2025-07-09 07:29:20,855 DEBUG < X-Amz-Cf-Pop: KIX50-P1
2025-07-09 07:29:20,855 DEBUG < X-Amz-Cf-Id: RecttLoRhFjU_d9wtT1h_RWhXAptGjwZP1RhBPkQ8hRgD6i70l2vFg==
2025-07-09 07:29:20,856 DEBUG = connection is OPEN
2025-07-09 07:29:20,856 INFO [32mWS connected[0m
2025-07-09 07:29:20,856 DEBUG > TEXT '{"method": "subscribe", "subscription": {"type": "allMids"}}' [60 bytes]
2025-07-09 07:29:20,857 DEBUG > TEXT '{"method": "subscribe", "subscription": {"type": "indexPrices"}}' [64 bytes]
2025-07-09 07:29:20,878 DEBUG < TEXT '{"channel":"subscriptionResponse","data":{"meth...n":{"type":"allMids"}}}' [98 bytes]
2025-07-09 07:29:20,900 DEBUG < TEXT '{"channel":"error","data":"Error parsing JSON i...: \\"indexPrices\\"}}"}' [152 bytes]
2025-07-09 07:29:21,894 DEBUG < TEXT '{"channel":"allMids","data":{"mids":{"@1":"26.5...","kSHIB":"0.011924"}}}' [6740 bytes]
2025-07-09 07:29:21,894 DEBUG > CLOSE 1000 (OK) [2 bytes]
2025-07-09 07:29:21,895 DEBUG = connection is CLOSING
2025-07-09 07:29:21,917 DEBUG < EOF
2025-07-09 07:29:21,917 DEBUG < EOF
2025-07-09 07:29:21,917 DEBUG > EOF
2025-07-09 07:29:21,917 DEBUG = connection is CLOSED
2025-07-09 07:29:21,917 DEBUG x closing TCP connection
2025-07-09 07:29:21,918 WARNING [33mWS disconnected: 'PFPLStrategy' object has no attribute 'fair'[0m
2025-07-09 07:29:24,961 DEBUG = connection is CONNECTING
2025-07-09 07:29:24,993 DEBUG > GET /ws HTTP/1.1
2025-07-09 07:29:24,993 DEBUG > Host: api.hyperliquid.xyz
2025-07-09 07:29:24,993 DEBUG > Upgrade: websocket
2025-07-09 07:29:24,993 DEBUG > Connection: Upgrade
2025-07-09 07:29:24,993 DEBUG > Sec-WebSocket-Key: s3sed1tvoJyXYzd2Th0+qQ==
2025-07-09 07:29:24,993 DEBUG > Sec-WebSocket-Version: 13
2025-07-09 07:29:24,993 DEBUG > Sec-WebSocket-Extensions: permessage-deflate; client_max_window_bits
2025-07-09 07:29:24,993 DEBUG > User-Agent: Python/3.13 websockets/15.0.1
2025-07-09 07:29:25,048 DEBUG < HTTP/1.1 101 Switching Protocols
2025-07-09 07:29:25,048 DEBUG < Connection: upgrade
2025-07-09 07:29:25,048 DEBUG < Server: nginx/1.22.1
2025-07-09 07:29:25,048 DEBUG < Date: Wed, 09 Jul 2025 07:29:25 GMT
2025-07-09 07:29:25,048 DEBUG < upgrade: websocket
2025-07-09 07:29:25,048 DEBUG < sec-websocket-accept: J02sbpq4z11zLDMpFWijo65H0sU=
2025-07-09 07:29:25,048 DEBUG < access-control-allow-origin: *
2025-07-09 07:29:25,048 DEBUG < vary: origin
2025-07-09 07:29:25,049 DEBUG < vary: access-control-request-method
2025-07-09 07:29:25,049 DEBUG < vary: access-control-request-headers
2025-07-09 07:29:25,049 DEBUG < access-control-expose-headers: *
2025-07-09 07:29:25,049 DEBUG < X-Cache: Miss from cloudfront
2025-07-09 07:29:25,049 DEBUG < Via: 1.1 6cefb5328f850814995883d3a9020422.cloudfront.net (CloudFront)
2025-07-09 07:29:25,049 DEBUG < X-Amz-Cf-Pop: KIX50-P1
2025-07-09 07:29:25,049 DEBUG < X-Amz-Cf-Id: cEpaXKG6bSWDHLDUcZPIOdmhq6tfFsrgyP7TUBIgVMWxh2wPxjM44w==
2025-07-09 07:29:25,049 DEBUG = connection is OPEN
2025-07-09 07:29:25,049 INFO [32mWS connected[0m
2025-07-09 07:29:25,049 DEBUG > TEXT '{"method": "subscribe", "subscription": {"type": "allMids"}}' [60 bytes]
2025-07-09 07:29:25,050 DEBUG > TEXT '{"method": "subscribe", "subscription": {"type": "indexPrices"}}' [64 bytes]
2025-07-09 07:29:25,073 DEBUG < TEXT '{"channel":"subscriptionResponse","data":{"meth...n":{"type":"allMids"}}}' [98 bytes]
2025-07-09 07:29:25,119 DEBUG < TEXT '{"channel":"error","data":"Error parsing JSON i...: \\"indexPrices\\"}}"}' [152 bytes]
2025-07-09 07:29:26,004 DEBUG < TEXT '{"channel":"allMids","data":{"mids":{"@1":"26.5...","kSHIB":"0.011924"}}}' [6747 bytes]
2025-07-09 07:29:26,004 DEBUG > CLOSE 1000 (OK) [2 bytes]
2025-07-09 07:29:26,004 DEBUG = connection is CLOSING
2025-07-09 07:29:26,061 DEBUG < EOF
2025-07-09 07:29:26,061 DEBUG < EOF
2025-07-09 07:29:26,062 DEBUG > EOF
2025-07-09 07:29:26,062 DEBUG = connection is CLOSED
2025-07-09 07:29:26,062 DEBUG x closing TCP connection
2025-07-09 07:29:26,062 WARNING [33mWS disconnected: 'PFPLStrategy' object has no attribute 'fair'[0m
2025-07-09 07:29:29,097 DEBUG = connection is CONNECTING
2025-07-09 07:29:29,141 DEBUG > GET /ws HTTP/1.1
2025-07-09 07:29:29,141 DEBUG > Host: api.hyperliquid.xyz
2025-07-09 07:29:29,141 DEBUG > Upgrade: websocket
2025-07-09 07:29:29,142 DEBUG > Connection: Upgrade
2025-07-09 07:29:29,142 DEBUG > Sec-WebSocket-Key: DdKhGVkmSbqG0Kl0C4PI/Q==
2025-07-09 07:29:29,142 DEBUG > Sec-WebSocket-Version: 13
2025-07-09 07:29:29,142 DEBUG > Sec-WebSocket-Extensions: permessage-deflate; client_max_window_bits
2025-07-09 07:29:29,142 DEBUG > User-Agent: Python/3.13 websockets/15.0.1
2025-07-09 07:29:29,186 DEBUG < HTTP/1.1 101 Switching Protocols
2025-07-09 07:29:29,186 DEBUG < Connection: upgrade
2025-07-09 07:29:29,186 DEBUG < Server: nginx/1.22.1
2025-07-09 07:29:29,186 DEBUG < Date: Wed, 09 Jul 2025 07:29:29 GMT
2025-07-09 07:29:29,187 DEBUG < upgrade: websocket
2025-07-09 07:29:29,187 DEBUG < sec-websocket-accept: 8QB96DQYjN+fw0OUepdErwSyhHQ=
2025-07-09 07:29:29,187 DEBUG < access-control-allow-origin: *
2025-07-09 07:29:29,187 DEBUG < vary: origin
2025-07-09 07:29:29,188 DEBUG < vary: access-control-request-method
2025-07-09 07:29:29,188 DEBUG < vary: access-control-request-headers
2025-07-09 07:29:29,188 DEBUG < access-control-expose-headers: *
2025-07-09 07:29:29,188 DEBUG < X-Cache: Miss from cloudfront
2025-07-09 07:29:29,188 DEBUG < Via: 1.1 2c5f4a32635d9f45a7016240d26f6e74.cloudfront.net (CloudFront)
2025-07-09 07:29:29,188 DEBUG < X-Amz-Cf-Pop: KIX50-P1
2025-07-09 07:29:29,188 DEBUG < X-Amz-Cf-Id: sCTZnv2pjMIYAPUihZezpTa_x5nevgzkevTrB4Kcg5IVsNsGtshbcw==
2025-07-09 07:29:29,189 DEBUG = connection is OPEN
2025-07-09 07:29:29,189 INFO [32mWS connected[0m
2025-07-09 07:29:29,190 DEBUG > TEXT '{"method": "subscribe", "subscription": {"type": "allMids"}}' [60 bytes]
2025-07-09 07:29:29,190 DEBUG > TEXT '{"method": "subscribe", "subscription": {"type": "indexPrices"}}' [64 bytes]
2025-07-09 07:29:29,220 DEBUG < TEXT '{"channel":"subscriptionResponse","data":{"meth...n":{"type":"allMids"}}}' [98 bytes]
2025-07-09 07:29:29,243 DEBUG < TEXT '{"channel":"error","data":"Error parsing JSON i...: \\"indexPrices\\"}}"}' [152 bytes]
2025-07-09 07:29:30,247 DEBUG < TEXT '{"channel":"allMids","data":{"mids":{"@1":"26.5...","kSHIB":"0.011924"}}}' [6750 bytes]
2025-07-09 07:29:30,250 DEBUG > CLOSE 1000 (OK) [2 bytes]
2025-07-09 07:29:30,251 DEBUG = connection is CLOSING
2025-07-09 07:29:30,295 DEBUG < EOF
2025-07-09 07:29:30,296 DEBUG < EOF
2025-07-09 07:29:30,297 DEBUG > EOF
2025-07-09 07:29:30,297 DEBUG = connection is CLOSED
2025-07-09 07:29:30,298 DEBUG x closing TCP connection
2025-07-09 07:29:30,300 WARNING [33mWS disconnected: 'PFPLStrategy' object has no attribute 'fair'[0m
2025-07-09 07:29:33,342 DEBUG = connection is CONNECTING
2025-07-09 07:29:33,424 DEBUG > GET /ws HTTP/1.1
2025-07-09 07:29:33,424 DEBUG > Host: api.hyperliquid.xyz
2025-07-09 07:29:33,425 DEBUG > Upgrade: websocket
2025-07-09 07:29:33,425 DEBUG > Connection: Upgrade
2025-07-09 07:29:33,425 DEBUG > Sec-WebSocket-Key: Ui0GhxWPAZcTNJ2PPFZw6A==
2025-07-09 07:29:33,426 DEBUG > Sec-WebSocket-Version: 13
2025-07-09 07:29:33,426 DEBUG > Sec-WebSocket-Extensions: permessage-deflate; client_max_window_bits
2025-07-09 07:29:33,426 DEBUG > User-Agent: Python/3.13 websockets/15.0.1
2025-07-09 07:29:33,470 DEBUG < HTTP/1.1 101 Switching Protocols
2025-07-09 07:29:33,470 DEBUG < Connection: upgrade
2025-07-09 07:29:33,471 DEBUG < Server: nginx/1.22.1
2025-07-09 07:29:33,471 DEBUG < Date: Wed, 09 Jul 2025 07:29:33 GMT
2025-07-09 07:29:33,471 DEBUG < upgrade: websocket
2025-07-09 07:29:33,471 DEBUG < sec-websocket-accept: xzX+OqZkkolnyHKXrFn8dRxL0Go=
2025-07-09 07:29:33,471 DEBUG < access-control-allow-origin: *
2025-07-09 07:29:33,471 DEBUG < vary: origin
2025-07-09 07:29:33,472 DEBUG < vary: access-control-request-method
2025-07-09 07:29:33,472 DEBUG < vary: access-control-request-headers
2025-07-09 07:29:33,472 DEBUG < access-control-expose-headers: *
2025-07-09 07:29:33,472 DEBUG < X-Cache: Miss from cloudfront
2025-07-09 07:29:33,472 DEBUG < Via: 1.1 2694fbacff7c5713c8bc8d68d0d0eee2.cloudfront.net (CloudFront)
2025-07-09 07:29:33,473 DEBUG < X-Amz-Cf-Pop: KIX50-P1
2025-07-09 07:29:33,473 DEBUG < X-Amz-Cf-Id: p_4PWeGgT1IvVyEjYzXVTKMp6jtDlFQ83g7Uk2Ehxz74nn6gYdj-1w==
2025-07-09 07:29:33,474 DEBUG = connection is OPEN
2025-07-09 07:29:33,474 INFO [32mWS connected[0m
2025-07-09 07:29:33,475 DEBUG > TEXT '{"method": "subscribe", "subscription": {"type": "allMids"}}' [60 bytes]
2025-07-09 07:29:33,476 DEBUG > TEXT '{"method": "subscribe", "subscription": {"type": "indexPrices"}}' [64 bytes]
2025-07-09 07:29:33,500 DEBUG < TEXT '{"channel":"subscriptionResponse","data":{"meth...n":{"type":"allMids"}}}' [98 bytes]
2025-07-09 07:29:33,523 DEBUG < TEXT '{"channel":"error","data":"Error parsing JSON i...: \\"indexPrices\\"}}"}' [152 bytes]
